#
# There is insufficient memory for the Java Runtime Environment to continue.
# Native memory allocation (malloc) failed to allocate 1884096 bytes. Error detail: Chunk::new
# Possible reasons:
#   The system is out of physical RAM or swap space
#   This process is running with CompressedOops enabled, and the Java Heap may be blocking the growth of the native heap
# Possible solutions:
#   Reduce memory load on the system
#   Increase physical memory or swap space
#   Check if swap backing store is full
#   Decrease Java heap size (-Xmx/-Xms)
#   Decrease number of Java threads
#   Decrease Java thread stack sizes (-Xss)
#   Set larger code cache with -XX:ReservedCodeCacheSize=
#   JVM is running with Unscaled Compressed Oops mode in which the Java heap is
#     placed in the first 4GB address space. The Java Heap base address is the
#     maximum limit for the native heap growth. Please use -XX:HeapBaseMinAddress
#     to set the Java Heap base and to place the Java Heap above 4GB virtual address.
# This output file may be truncated or incomplete.
#
#  Out of Memory Error (arena.cpp:168), pid=16832, tid=16840
#
# JRE version: OpenJDK Runtime Environment Temurin-21.0.9+10 (21.0.9+10) (build 21.0.9+10-LTS)
# Java VM: OpenJDK 64-Bit Server VM Temurin-21.0.9+10 (21.0.9+10-LTS, mixed mode, sharing, tiered, compressed oops, compressed class ptrs, parallel gc, windows-amd64)
# No core dump will be written. Minidumps are not enabled by default on client versions of Windows
#

---------------  S U M M A R Y ------------

Command Line: --add-modules=ALL-SYSTEM --add-opens=java.base/java.util=ALL-UNNAMED --add-opens=java.base/java.lang=ALL-UNNAMED --add-opens=java.base/sun.nio.fs=ALL-UNNAMED -Declipse.application=org.eclipse.jdt.ls.core.id1 -Dosgi.bundles.defaultStartLevel=4 -Declipse.product=org.eclipse.jdt.ls.core.product -Djava.import.generatesMetadataFilesAtProjectRoot=false -DDetectVMInstallationsJob.disabled=true -Dfile.encoding=utf8 -XX:+UseParallelGC -XX:GCTimeRatio=4 -XX:AdaptiveSizePolicyWeight=90 -Dsun.zip.disableMemoryMapping=true -Xmx2G -Xms100m -Xlog:disable -javaagent:c:\Users\dangt\.vscode\extensions\redhat.java-1.49.0-win32-x64\lombok\lombok-1.18.39-4050.jar -XX:+HeapDumpOnOutOfMemoryError -XX:HeapDumpPath=c:\Users\dangt\AppData\Roaming\Code\User\workspaceStorage\8ea19c0efffb335ee80ae312c2ed707d\redhat.java -Daether.dependencyCollector.impl=bf c:\Users\dangt\.vscode\extensions\redhat.java-1.49.0-win32-x64\server\plugins\org.eclipse.equinox.launcher_1.7.100.v20251111-0406.jar -configuration c:\Users\dangt\AppData\Roaming\Code\User\globalStorage\redhat.java\1.49.0\config_win -data c:\Users\dangt\AppData\Roaming\Code\User\workspaceStorage\8ea19c0efffb335ee80ae312c2ed707d\redhat.java\jdt_ws --pipe=\\.\pipe\lsp-2c77d13bf7c283e85824104e4e28d579-sock

Host: 11th Gen Intel(R) Core(TM) i5-11300H @ 3.10GHz, 8 cores, 7G,  Windows 11 , 64 bit Build 26100 (10.0.26100.7019)
Time: Wed Nov 26 21:28:35 2025 SE Asia Standard Time elapsed time: 72.499618 seconds (0d 0h 1m 12s)

---------------  T H R E A D  ---------------

Current thread (0x000001eef7fd43a0):  JavaThread "C2 CompilerThread0" daemon [_thread_in_native, id=16840, stack(0x00000048de000000,0x00000048de100000) (1024K)]


Current CompileTask:
C2:72500 11561   !   4       com.google.inject.spi.InjectionPoint::getInjectionPoints (489 bytes)

Stack: [0x00000048de000000,0x00000048de100000]
Native frames: (J=compiled Java code, j=interpreted, Vv=VM code, C=native code)
V  [jvm.dll+0x6d6e29]
V  [jvm.dll+0x8b4b76]
V  [jvm.dll+0x8b712e]
V  [jvm.dll+0x8b7813]
V  [jvm.dll+0x283d86]
V  [jvm.dll+0xc66ed]
V  [jvm.dll+0xc6c31]
V  [jvm.dll+0x3be53b]
V  [jvm.dll+0x38ab92]
V  [jvm.dll+0x389fda]
V  [jvm.dll+0x24bfa0]
V  [jvm.dll+0x24b580]
V  [jvm.dll+0x1cb13e]
V  [jvm.dll+0x25b29d]
V  [jvm.dll+0x25982a]
V  [jvm.dll+0x3f7ea6]
V  [jvm.dll+0x85e9ad]
V  [jvm.dll+0x6d565d]
C  [ucrtbase.dll+0x37b0]
C  [KERNEL32.DLL+0x2e8d7]
C  [ntdll.dll+0x8c53c]


---------------  P R O C E S S  ---------------

Threads class SMR info:
_java_thread_list=0x000001eed7e63830, length=45, elements={
0x000001eef804dd10, 0x000001eef7fbe3e0, 0x000001eef7fbf2f0, 0x000001eef7fc60d0,
0x000001eef7fc70d0, 0x000001eef7fcb190, 0x000001eef7fcbbe0, 0x000001eef7fd43a0,
0x000001eef7fd9ae0, 0x000001eed14ae6b0, 0x000001eed162b4f0, 0x000001eed1ddfab0,
0x000001eed1e96ee0, 0x000001eed1aedd20, 0x000001eed1af5820, 0x000001eed6499530,
0x000001eed64e0a90, 0x000001eed634a070, 0x000001eed634c140, 0x000001eed6349350,
0x000001eed634ad90, 0x000001eed634a700, 0x000001eed634b420, 0x000001eed634bab0,
0x000001eed634c7d0, 0x000001eed90d1a50, 0x000001eed90d5560, 0x000001eed90d4ed0,
0x000001eed90d20e0, 0x000001eed90d5bf0, 0x000001eed90d2e00, 0x000001eed90d4840,
0x000001eed90d3490, 0x000001eed90d3b20, 0x000001eed90d41b0, 0x000001eed90d2770,
0x000001eed90d7630, 0x000001eed90d6fa0, 0x000001eed90d7cc0, 0x000001eed90d8350,
0x000001eed90d9070, 0x000001eed857d620, 0x000001eed857c270, 0x000001eed857a830,
0x000001eed8f42d40
}

Java Threads: ( => current thread )
  0x000001eef804dd10 JavaThread "main"                              [_thread_blocked, id=15932, stack(0x00000048dd600000,0x00000048dd700000) (1024K)]
  0x000001eef7fbe3e0 JavaThread "Reference Handler"          daemon [_thread_blocked, id=28468, stack(0x00000048dda00000,0x00000048ddb00000) (1024K)]
  0x000001eef7fbf2f0 JavaThread "Finalizer"                  daemon [_thread_blocked, id=14608, stack(0x00000048ddb00000,0x00000048ddc00000) (1024K)]
  0x000001eef7fc60d0 JavaThread "Signal Dispatcher"          daemon [_thread_blocked, id=24632, stack(0x00000048ddc00000,0x00000048ddd00000) (1024K)]
  0x000001eef7fc70d0 JavaThread "Attach Listener"            daemon [_thread_blocked, id=4676, stack(0x00000048ddd00000,0x00000048dde00000) (1024K)]
  0x000001eef7fcb190 JavaThread "Service Thread"             daemon [_thread_blocked, id=24940, stack(0x00000048dde00000,0x00000048ddf00000) (1024K)]
  0x000001eef7fcbbe0 JavaThread "Monitor Deflation Thread"   daemon [_thread_blocked, id=152, stack(0x00000048ddf00000,0x00000048de000000) (1024K)]
=>0x000001eef7fd43a0 JavaThread "C2 CompilerThread0"         daemon [_thread_in_native, id=16840, stack(0x00000048de000000,0x00000048de100000) (1024K)]
  0x000001eef7fd9ae0 JavaThread "C1 CompilerThread0"         daemon [_thread_blocked, id=22724, stack(0x00000048de100000,0x00000048de200000) (1024K)]
  0x000001eed14ae6b0 JavaThread "Common-Cleaner"             daemon [_thread_blocked, id=13132, stack(0x00000048de200000,0x00000048de300000) (1024K)]
  0x000001eed162b4f0 JavaThread "Notification Thread"        daemon [_thread_blocked, id=5360, stack(0x00000048de300000,0x00000048de400000) (1024K)]
  0x000001eed1ddfab0 JavaThread "Active Thread: Equinox Container: 1b52c65d-f66f-418a-b442-b37d5f84efc0"        [_thread_blocked, id=14212, stack(0x00000048deb00000,0x00000048dec00000) (1024K)]
  0x000001eed1e96ee0 JavaThread "Refresh Thread: Equinox Container: 1b52c65d-f66f-418a-b442-b37d5f84efc0" daemon [_thread_blocked, id=8500, stack(0x00000048de400000,0x00000048de500000) (1024K)]
  0x000001eed1aedd20 JavaThread "Framework Event Dispatcher: Equinox Container: 1b52c65d-f66f-418a-b442-b37d5f84efc0" daemon [_thread_blocked, id=5828, stack(0x00000048ded00000,0x00000048dee00000) (1024K)]
  0x000001eed1af5820 JavaThread "Start Level: Equinox Container: 1b52c65d-f66f-418a-b442-b37d5f84efc0" daemon [_thread_blocked, id=8712, stack(0x00000048dee00000,0x00000048def00000) (1024K)]
  0x000001eed6499530 JavaThread "Bundle File Closer"         daemon [_thread_blocked, id=2672, stack(0x00000048df000000,0x00000048df100000) (1024K)]
  0x000001eed64e0a90 JavaThread "SCR Component Actor"        daemon [_thread_blocked, id=14044, stack(0x00000048def00000,0x00000048df000000) (1024K)]
  0x000001eed634a070 JavaThread "Worker-JM"                         [_thread_blocked, id=21592, stack(0x00000048df100000,0x00000048df200000) (1024K)]
  0x000001eed634c140 JavaThread "JNA Cleaner"                daemon [_thread_blocked, id=8540, stack(0x00000048df200000,0x00000048df300000) (1024K)]
  0x000001eed6349350 JavaThread "Worker-0: Validate documents"        [_thread_blocked, id=28392, stack(0x00000048df300000,0x00000048df400000) (1024K)]
  0x000001eed634ad90 JavaThread "Worker-1: Publish Diagnostics"        [_thread_in_vm, id=2000, stack(0x00000048df400000,0x00000048df500000) (1024K)]
  0x000001eed634a700 JavaThread "Worker-2: Building"                [_thread_in_native, id=19212, stack(0x00000048df600000,0x00000048df700000) (1024K)]
  0x000001eed634b420 JavaThread "Worker-3"                          [_thread_blocked, id=21652, stack(0x00000048df500000,0x00000048df600000) (1024K)]
  0x000001eed634bab0 JavaThread "Java indexing"              daemon [_thread_blocked, id=29540, stack(0x00000048df800000,0x00000048df900000) (1024K)]
  0x000001eed634c7d0 JavaThread "Worker-4: Initialize workspace"        [_thread_blocked, id=21936, stack(0x00000048dfb00000,0x00000048dfc00000) (1024K)]
  0x000001eed90d1a50 JavaThread "Thread-1"                   daemon [_thread_in_native, id=23464, stack(0x00000048dfc00000,0x00000048dfd00000) (1024K)]
  0x000001eed90d5560 JavaThread "Thread-2"                   daemon [_thread_in_native, id=21352, stack(0x00000048dfd00000,0x00000048dfe00000) (1024K)]
  0x000001eed90d4ed0 JavaThread "Thread-3"                   daemon [_thread_in_native, id=25748, stack(0x00000048dfe00000,0x00000048dff00000) (1024K)]
  0x000001eed90d20e0 JavaThread "Thread-4"                   daemon [_thread_in_native, id=17800, stack(0x00000048dff00000,0x00000048e0000000) (1024K)]
  0x000001eed90d5bf0 JavaThread "Thread-5"                   daemon [_thread_in_native, id=6752, stack(0x00000048e0000000,0x00000048e0100000) (1024K)]
  0x000001eed90d2e00 JavaThread "Thread-6"                   daemon [_thread_in_native, id=21564, stack(0x00000048e0100000,0x00000048e0200000) (1024K)]
  0x000001eed90d4840 JavaThread "Thread-7"                   daemon [_thread_in_native, id=2512, stack(0x00000048e0200000,0x00000048e0300000) (1024K)]
  0x000001eed90d3490 JavaThread "Thread-8"                   daemon [_thread_in_native, id=23944, stack(0x00000048e0300000,0x00000048e0400000) (1024K)]
  0x000001eed90d3b20 JavaThread "Thread-9"                   daemon [_thread_in_native, id=6660, stack(0x00000048e0400000,0x00000048e0500000) (1024K)]
  0x000001eed90d41b0 JavaThread "pool-2-thread-1"                   [_thread_blocked, id=28080, stack(0x00000048e0500000,0x00000048e0600000) (1024K)]
  0x000001eed90d2770 JavaThread "WorkspaceEventsHandler"            [_thread_blocked, id=7268, stack(0x00000048e0700000,0x00000048e0800000) (1024K)]
  0x000001eed90d7630 JavaThread "pool-1-thread-1"                   [_thread_blocked, id=16448, stack(0x00000048e0800000,0x00000048e0900000) (1024K)]
  0x000001eed90d6fa0 JavaThread "ForkJoinPool.commonPool-worker-1" daemon [_thread_blocked, id=29436, stack(0x00000048e0600000,0x00000048e0700000) (1024K)]
  0x000001eed90d7cc0 JavaThread "ForkJoinPool.commonPool-worker-2" daemon [_thread_blocked, id=22932, stack(0x00000048e0900000,0x00000048e0a00000) (1024K)]
  0x000001eed90d8350 JavaThread "ForkJoinPool.commonPool-worker-3" daemon [_thread_blocked, id=23788, stack(0x00000048e0a00000,0x00000048e0b00000) (1024K)]
  0x000001eed90d9070 JavaThread "ForkJoinPool.commonPool-worker-4" daemon [_thread_blocked, id=25460, stack(0x00000048e0b00000,0x00000048e0c00000) (1024K)]
  0x000001eed857d620 JavaThread "ForkJoinPool.commonPool-worker-5" daemon [_thread_blocked, id=10800, stack(0x00000048e0c00000,0x00000048e0d00000) (1024K)]
  0x000001eed857c270 JavaThread "ForkJoinPool.commonPool-worker-6" daemon [_thread_blocked, id=18620, stack(0x00000048e0d00000,0x00000048e0e00000) (1024K)]
  0x000001eed857a830 JavaThread "ForkJoinPool.commonPool-worker-7" daemon [_thread_blocked, id=19484, stack(0x00000048e0e00000,0x00000048e0f00000) (1024K)]
  0x000001eed8f42d40 JavaThread "C2 CompilerThread1"         daemon [_thread_in_native, id=16504, stack(0x00000048e1000000,0x00000048e1100000) (1024K)]
Total: 45

Other Threads:
  0x000001eef810e890 VMThread "VM Thread"                           [id=12624, stack(0x00000048dd900000,0x00000048dda00000) (1024K)]
  0x000001eef80bace0 WatcherThread "VM Periodic Task Thread"        [id=24420, stack(0x00000048dd800000,0x00000048dd900000) (1024K)]
  0x000001eef806c280 WorkerThread "GC Thread#0"                     [id=8304, stack(0x00000048dd700000,0x00000048dd800000) (1024K)]
  0x000001eed1c8b1e0 WorkerThread "GC Thread#1"                     [id=17232, stack(0x00000048de500000,0x00000048de600000) (1024K)]
  0x000001eed19a6cf0 WorkerThread "GC Thread#2"                     [id=3260, stack(0x00000048de600000,0x00000048de700000) (1024K)]
  0x000001eed19a7090 WorkerThread "GC Thread#3"                     [id=8084, stack(0x00000048de700000,0x00000048de800000) (1024K)]
  0x000001eed19a7430 WorkerThread "GC Thread#4"                     [id=14236, stack(0x00000048de800000,0x00000048de900000) (1024K)]
  0x000001eed19a77d0 WorkerThread "GC Thread#5"                     [id=16672, stack(0x00000048de900000,0x00000048dea00000) (1024K)]
  0x000001eed19a7b70 WorkerThread "GC Thread#6"                     [id=10580, stack(0x00000048dea00000,0x00000048deb00000) (1024K)]
  0x000001eed1369a80 WorkerThread "GC Thread#7"                     [id=3160, stack(0x00000048dec00000,0x00000048ded00000) (1024K)]
Total: 10

Threads with active compile tasks:
C2 CompilerThread0  72658 11561   !   4       com.google.inject.spi.InjectionPoint::getInjectionPoints (489 bytes)
C2 CompilerThread1  72658 11629       4       java.util.regex.Pattern::atom (422 bytes)
Total: 2

VM state: not at safepoint (normal execution)

VM Mutex/Monitor currently owned by a thread:  ([mutex/lock_event])
[0x00007fff807ed7f0] ClassLoaderDataGraph_lock - owner thread: 0x000001eed634ad90

Heap address: 0x0000000080000000, size: 2048 MB, Compressed Oops mode: 32-bit

CDS archive(s) mapped at: [0x000001ee8f000000-0x000001ee8fba0000-0x000001ee8fba0000), size 12189696, SharedBaseAddress: 0x000001ee8f000000, ArchiveRelocationMode: 1.
Compressed class space mapped at: 0x000001ee90000000-0x000001eed0000000, reserved size: 1073741824
Narrow klass base: 0x000001ee8f000000, Narrow klass shift: 0, Narrow klass range: 0x100000000

GC Precious Log:
 CardTable entry size: 512
 CPUs: 8 total, 8 available
 Memory: 7930M
 Large Page Support: Disabled
 NUMA Support: Disabled
 Compressed Oops: Enabled (32-bit)
 Alignments: Space 512K, Generation 512K, Heap 2M
 Heap Min Capacity: 100M
 Heap Initial Capacity: 100M
 Heap Max Capacity: 2G
 Pre-touch: Disabled
 Parallel Workers: 8

Heap:
 PSYoungGen      total 8192K, used 4906K [0x00000000d5580000, 0x00000000d5e80000, 0x0000000100000000)
  eden space 7168K, 60% used [0x00000000d5580000,0x00000000d59babe8,0x00000000d5c80000)
  from space 1024K, 56% used [0x00000000d5d80000,0x00000000d5e10000,0x00000000d5e80000)
  to   space 1024K, 0% used [0x00000000d5c80000,0x00000000d5c80000,0x00000000d5d80000)
 ParOldGen       total 87552K, used 87256K [0x0000000080000000, 0x0000000085580000, 0x00000000d5580000)
  object space 87552K, 99% used [0x0000000080000000,0x00000000855363c0,0x0000000085580000)
 Metaspace       used 60637K, committed 62144K, reserved 1114112K
  class space    used 6457K, committed 7104K, reserved 1048576K

Card table byte_map: [0x000001eef79f0000,0x000001eef7e00000] _byte_map_base: 0x000001eef75f0000

Marking Bits: (ParMarkBitMap*) 0x00007fff807f2460
 Begin Bits: [0x000001eefb500000, 0x000001eefd500000)
 End Bits:   [0x000001eefd500000, 0x000001eeff500000)

Polling page: 0x000001eef6080000

Metaspace:

Usage:
  Non-class:     52.91 MB used.
      Class:      6.31 MB used.
       Both:     59.22 MB used.

Virtual space:
  Non-class space:       64.00 MB reserved,      53.75 MB ( 84%) committed,  1 nodes.
      Class space:        1.00 GB reserved,       6.94 MB ( <1%) committed,  1 nodes.
             Both:        1.06 GB reserved,      60.69 MB (  6%) committed. 

Chunk freelists:
   Non-Class:  9.37 MB
       Class:  8.89 MB
        Both:  18.26 MB

MaxMetaspaceSize: unlimited
CompressedClassSpaceSize: 1.00 GB
Initial GC threshold: 21.00 MB
Current GC threshold: 97.31 MB
CDS: on
 - commit_granule_bytes: 65536.
 - commit_granule_words: 8192.
 - virtual_space_node_default_size: 8388608.
 - enlarge_chunks_in_place: 1.
 - use_allocation_guard: 0.


Internal statistics:

num_allocs_failed_limit: 9.
num_arena_births: 1164.
num_arena_deaths: 16.
num_vsnodes_births: 2.
num_vsnodes_deaths: 0.
num_space_committed: 971.
num_space_uncommitted: 0.
num_chunks_returned_to_freelist: 26.
num_chunks_taken_from_freelist: 4079.
num_chunk_merges: 15.
num_chunk_splits: 2486.
num_chunks_enlarged: 1350.
num_inconsistent_stats: 0.

CodeHeap 'non-profiled nmethods': size=120000Kb used=8243Kb max_used=8243Kb free=111756Kb
 bounds [0x000001ee87ad0000, 0x000001ee882e0000, 0x000001ee8f000000]
CodeHeap 'profiled nmethods': size=120000Kb used=25088Kb max_used=25088Kb free=94911Kb
 bounds [0x000001ee80000000, 0x000001ee81890000, 0x000001ee87530000]
CodeHeap 'non-nmethods': size=5760Kb used=1416Kb max_used=1490Kb free=4343Kb
 bounds [0x000001ee87530000, 0x000001ee877a0000, 0x000001ee87ad0000]
CodeCache: size=245760Kb, used=34747Kb, max_used=34821Kb, free=211010Kb
 total_blobs=11481, nmethods=10766, adapters=621, full_count=0
Compilation: enabled, stopped_count=0, restarted_count=0

Compilation events (20 events):
Event: 71.703 Thread 0x000001eef7fd9ae0 nmethod 11597 0x000001ee81873190 code [0x000001ee81873520, 0x000001ee81874e10]
Event: 71.703 Thread 0x000001eef7fd9ae0 11600       3       org.eclipse.aether.util.graph.transformer.ConflictMarker$Key::equals (123 bytes)
Event: 71.704 Thread 0x000001eef7fd9ae0 nmethod 11600 0x000001ee81875710 code [0x000001ee81875960, 0x000001ee81876268]
Event: 71.704 Thread 0x000001eef7fd9ae0 11601       3       org.eclipse.jdt.internal.compiler.util.CharArrayMap::<init> (38 bytes)
Event: 71.705 Thread 0x000001eef7fd9ae0 nmethod 11601 0x000001ee81876610 code [0x000001ee818767c0, 0x000001ee81876ad8]
Event: 71.705 Thread 0x000001eef7fd9ae0 11602       3       org.eclipse.jdt.internal.compiler.util.CharDelegateMap::<init> (37 bytes)
Event: 71.705 Thread 0x000001eef7fd9ae0 nmethod 11602 0x000001ee81876c10 code [0x000001ee81876e20, 0x000001ee81877330]
Event: 71.708 Thread 0x000001eed8f42d40 11605       4       org.eclipse.aether.util.graph.transformer.ConflictResolver::gatherConflictItems (111 bytes)
Event: 71.708 Thread 0x000001eef7fd9ae0 11604       3       org.eclipse.aether.util.graph.transformer.ConflictIdSorter$ConflictId::pullup (54 bytes)
Event: 71.710 Thread 0x000001eef7fd9ae0 nmethod 11604 0x000001ee81877510 code [0x000001ee81877700, 0x000001ee81877c78]
Event: 71.710 Thread 0x000001eef7fd9ae0 11603       3       org.eclipse.aether.util.graph.transformer.ConflictIdSorter$ConflictId::hashCode (8 bytes)
Event: 71.710 Thread 0x000001eef7fd9ae0 nmethod 11603 0x000001ee81877e10 code [0x000001ee81877fc0, 0x000001ee81878198]
Event: 71.710 Thread 0x000001eef7fd9ae0 11598       3       org.eclipse.aether.util.graph.transformer.ConflictMarker::toKey (9 bytes)
Event: 71.711 Thread 0x000001eef7fd9ae0 nmethod 11598 0x000001ee81878290 code [0x000001ee81878440, 0x000001ee81878660]
Event: 71.711 Thread 0x000001eef7fd9ae0 11599       3       org.eclipse.aether.util.graph.transformer.ConflictMarker$Key::<init> (10 bytes)
Event: 71.711 Thread 0x000001eef7fd9ae0 nmethod 11599 0x000001ee81878790 code [0x000001ee81878940, 0x000001ee81878ac8]
Event: 71.711 Thread 0x000001eef7fd9ae0 11608       3       java.util.IdentityHashMap::clear (39 bytes)
Event: 71.711 Thread 0x000001eef7fd9ae0 nmethod 11608 0x000001ee81878b90 code [0x000001ee81878d40, 0x000001ee81879058]
Event: 71.713 Thread 0x000001eef7fd9ae0 11609       3       org.eclipse.aether.util.graph.transformer.ConflictResolver$State::scopes (55 bytes)
Event: 71.714 Thread 0x000001eef7fd9ae0 nmethod 11609 0x000001ee81879190 code [0x000001ee81879380, 0x000001ee818798b8]

GC Heap History (20 events):
Event: 68.667 GC heap before
{Heap before GC invocations=134 (full 3):
 PSYoungGen      total 7680K, used 7644K [0x00000000d5580000, 0x00000000d5e80000, 0x0000000100000000)
  eden space 7168K, 100% used [0x00000000d5580000,0x00000000d5c80000,0x00000000d5c80000)
  from space 512K, 93% used [0x00000000d5e00000,0x00000000d5e770e8,0x00000000d5e80000)
  to   space 1024K, 0% used [0x00000000d5c80000,0x00000000d5c80000,0x00000000d5d80000)
 ParOldGen       total 83968K, used 83508K [0x0000000080000000, 0x0000000085200000, 0x00000000d5580000)
  object space 83968K, 99% used [0x0000000080000000,0x000000008518d350,0x0000000085200000)
 Metaspace       used 60254K, committed 61760K, reserved 1114112K
  class space    used 6417K, committed 7040K, reserved 1048576K
}
Event: 68.670 GC heap after
{Heap after GC invocations=134 (full 3):
 PSYoungGen      total 8192K, used 576K [0x00000000d5580000, 0x00000000d5e80000, 0x0000000100000000)
  eden space 7168K, 0% used [0x00000000d5580000,0x00000000d5580000,0x00000000d5c80000)
  from space 1024K, 56% used [0x00000000d5c80000,0x00000000d5d10000,0x00000000d5d80000)
  to   space 1024K, 0% used [0x00000000d5d80000,0x00000000d5d80000,0x00000000d5e80000)
 ParOldGen       total 83968K, used 83785K [0x0000000080000000, 0x0000000085200000, 0x00000000d5580000)
  object space 83968K, 99% used [0x0000000080000000,0x00000000851d2438,0x0000000085200000)
 Metaspace       used 60254K, committed 61760K, reserved 1114112K
  class space    used 6417K, committed 7040K, reserved 1048576K
}
Event: 68.825 GC heap before
{Heap before GC invocations=135 (full 3):
 PSYoungGen      total 8192K, used 7744K [0x00000000d5580000, 0x00000000d5e80000, 0x0000000100000000)
  eden space 7168K, 100% used [0x00000000d5580000,0x00000000d5c80000,0x00000000d5c80000)
  from space 1024K, 56% used [0x00000000d5c80000,0x00000000d5d10000,0x00000000d5d80000)
  to   space 1024K, 0% used [0x00000000d5d80000,0x00000000d5d80000,0x00000000d5e80000)
 ParOldGen       total 83968K, used 83785K [0x0000000080000000, 0x0000000085200000, 0x00000000d5580000)
  object space 83968K, 99% used [0x0000000080000000,0x00000000851d2438,0x0000000085200000)
 Metaspace       used 60257K, committed 61760K, reserved 1114112K
  class space    used 6417K, committed 7040K, reserved 1048576K
}
Event: 68.829 GC heap after
{Heap after GC invocations=135 (full 3):
 PSYoungGen      total 8192K, used 576K [0x00000000d5580000, 0x00000000d5e80000, 0x0000000100000000)
  eden space 7168K, 0% used [0x00000000d5580000,0x00000000d5580000,0x00000000d5c80000)
  from space 1024K, 56% used [0x00000000d5d80000,0x00000000d5e10000,0x00000000d5e80000)
  to   space 1024K, 0% used [0x00000000d5c80000,0x00000000d5c80000,0x00000000d5d80000)
 ParOldGen       total 84480K, used 84121K [0x0000000080000000, 0x0000000085280000, 0x00000000d5580000)
  object space 84480K, 99% used [0x0000000080000000,0x0000000085226438,0x0000000085280000)
 Metaspace       used 60257K, committed 61760K, reserved 1114112K
  class space    used 6417K, committed 7040K, reserved 1048576K
}
Event: 69.043 GC heap before
{Heap before GC invocations=136 (full 3):
 PSYoungGen      total 8192K, used 7744K [0x00000000d5580000, 0x00000000d5e80000, 0x0000000100000000)
  eden space 7168K, 100% used [0x00000000d5580000,0x00000000d5c80000,0x00000000d5c80000)
  from space 1024K, 56% used [0x00000000d5d80000,0x00000000d5e10000,0x00000000d5e80000)
  to   space 1024K, 0% used [0x00000000d5c80000,0x00000000d5c80000,0x00000000d5d80000)
 ParOldGen       total 84480K, used 84121K [0x0000000080000000, 0x0000000085280000, 0x00000000d5580000)
  object space 84480K, 99% used [0x0000000080000000,0x0000000085226438,0x0000000085280000)
 Metaspace       used 60286K, committed 61760K, reserved 1114112K
  class space    used 6417K, committed 7040K, reserved 1048576K
}
Event: 69.050 GC heap after
{Heap after GC invocations=136 (full 3):
 PSYoungGen      total 8192K, used 416K [0x00000000d5580000, 0x00000000d5e00000, 0x0000000100000000)
  eden space 7168K, 0% used [0x00000000d5580000,0x00000000d5580000,0x00000000d5c80000)
  from space 1024K, 40% used [0x00000000d5c80000,0x00000000d5ce8000,0x00000000d5d80000)
  to   space 512K, 0% used [0x00000000d5d80000,0x00000000d5d80000,0x00000000d5e00000)
 ParOldGen       total 84992K, used 84505K [0x0000000080000000, 0x0000000085300000, 0x00000000d5580000)
  object space 84992K, 99% used [0x0000000080000000,0x0000000085286438,0x0000000085300000)
 Metaspace       used 60286K, committed 61760K, reserved 1114112K
  class space    used 6417K, committed 7040K, reserved 1048576K
}
Event: 69.164 GC heap before
{Heap before GC invocations=137 (full 3):
 PSYoungGen      total 8192K, used 7584K [0x00000000d5580000, 0x00000000d5e00000, 0x0000000100000000)
  eden space 7168K, 100% used [0x00000000d5580000,0x00000000d5c80000,0x00000000d5c80000)
  from space 1024K, 40% used [0x00000000d5c80000,0x00000000d5ce8000,0x00000000d5d80000)
  to   space 512K, 0% used [0x00000000d5d80000,0x00000000d5d80000,0x00000000d5e00000)
 ParOldGen       total 84992K, used 84505K [0x0000000080000000, 0x0000000085300000, 0x00000000d5580000)
  object space 84992K, 99% used [0x0000000080000000,0x0000000085286438,0x0000000085300000)
 Metaspace       used 60307K, committed 61760K, reserved 1114112K
  class space    used 6417K, committed 7040K, reserved 1048576K
}
Event: 69.169 GC heap after
{Heap after GC invocations=137 (full 3):
 PSYoungGen      total 7680K, used 480K [0x00000000d5580000, 0x00000000d5e00000, 0x0000000100000000)
  eden space 7168K, 0% used [0x00000000d5580000,0x00000000d5580000,0x00000000d5c80000)
  from space 512K, 93% used [0x00000000d5d80000,0x00000000d5df8000,0x00000000d5e00000)
  to   space 512K, 0% used [0x00000000d5d00000,0x00000000d5d00000,0x00000000d5d80000)
 ParOldGen       total 84992K, used 84729K [0x0000000080000000, 0x0000000085300000, 0x00000000d5580000)
  object space 84992K, 99% used [0x0000000080000000,0x00000000852be438,0x0000000085300000)
 Metaspace       used 60307K, committed 61760K, reserved 1114112K
  class space    used 6417K, committed 7040K, reserved 1048576K
}
Event: 69.275 GC heap before
{Heap before GC invocations=138 (full 3):
 PSYoungGen      total 7680K, used 7647K [0x00000000d5580000, 0x00000000d5e00000, 0x0000000100000000)
  eden space 7168K, 99% used [0x00000000d5580000,0x00000000d5c7ffe0,0x00000000d5c80000)
  from space 512K, 93% used [0x00000000d5d80000,0x00000000d5df8000,0x00000000d5e00000)
  to   space 512K, 0% used [0x00000000d5d00000,0x00000000d5d00000,0x00000000d5d80000)
 ParOldGen       total 84992K, used 84729K [0x0000000080000000, 0x0000000085300000, 0x00000000d5580000)
  object space 84992K, 99% used [0x0000000080000000,0x00000000852be438,0x0000000085300000)
 Metaspace       used 60314K, committed 61760K, reserved 1114112K
  class space    used 6417K, committed 7040K, reserved 1048576K
}
Event: 69.280 GC heap after
{Heap after GC invocations=138 (full 3):
 PSYoungGen      total 7680K, used 482K [0x00000000d5580000, 0x00000000d5e80000, 0x0000000100000000)
  eden space 7168K, 0% used [0x00000000d5580000,0x00000000d5580000,0x00000000d5c80000)
  from space 512K, 94% used [0x00000000d5d00000,0x00000000d5d78800,0x00000000d5d80000)
  to   space 1024K, 0% used [0x00000000d5d80000,0x00000000d5d80000,0x00000000d5e80000)
 ParOldGen       total 85504K, used 85097K [0x0000000080000000, 0x0000000085380000, 0x00000000d5580000)
  object space 85504K, 99% used [0x0000000080000000,0x000000008531a448,0x0000000085380000)
 Metaspace       used 60314K, committed 61760K, reserved 1114112K
  class space    used 6417K, committed 7040K, reserved 1048576K
}
Event: 69.421 GC heap before
{Heap before GC invocations=139 (full 3):
 PSYoungGen      total 7680K, used 7650K [0x00000000d5580000, 0x00000000d5e80000, 0x0000000100000000)
  eden space 7168K, 100% used [0x00000000d5580000,0x00000000d5c80000,0x00000000d5c80000)
  from space 512K, 94% used [0x00000000d5d00000,0x00000000d5d78800,0x00000000d5d80000)
  to   space 1024K, 0% used [0x00000000d5d80000,0x00000000d5d80000,0x00000000d5e80000)
 ParOldGen       total 85504K, used 85097K [0x0000000080000000, 0x0000000085380000, 0x00000000d5580000)
  object space 85504K, 99% used [0x0000000080000000,0x000000008531a448,0x0000000085380000)
 Metaspace       used 60317K, committed 61760K, reserved 1114112K
  class space    used 6417K, committed 7040K, reserved 1048576K
}
Event: 69.425 GC heap after
{Heap after GC invocations=139 (full 3):
 PSYoungGen      total 8192K, used 512K [0x00000000d5580000, 0x00000000d5e80000, 0x0000000100000000)
  eden space 7168K, 0% used [0x00000000d5580000,0x00000000d5580000,0x00000000d5c80000)
  from space 1024K, 50% used [0x00000000d5d80000,0x00000000d5e00000,0x00000000d5e80000)
  to   space 1024K, 0% used [0x00000000d5c80000,0x00000000d5c80000,0x00000000d5d80000)
 ParOldGen       total 85504K, used 85443K [0x0000000080000000, 0x0000000085380000, 0x00000000d5580000)
  object space 85504K, 99% used [0x0000000080000000,0x0000000085370c48,0x0000000085380000)
 Metaspace       used 60317K, committed 61760K, reserved 1114112K
  class space    used 6417K, committed 7040K, reserved 1048576K
}
Event: 69.601 GC heap before
{Heap before GC invocations=140 (full 3):
 PSYoungGen      total 8192K, used 7680K [0x00000000d5580000, 0x00000000d5e80000, 0x0000000100000000)
  eden space 7168K, 100% used [0x00000000d5580000,0x00000000d5c80000,0x00000000d5c80000)
  from space 1024K, 50% used [0x00000000d5d80000,0x00000000d5e00000,0x00000000d5e80000)
  to   space 1024K, 0% used [0x00000000d5c80000,0x00000000d5c80000,0x00000000d5d80000)
 ParOldGen       total 85504K, used 85443K [0x0000000080000000, 0x0000000085380000, 0x00000000d5580000)
  object space 85504K, 99% used [0x0000000080000000,0x0000000085370c48,0x0000000085380000)
 Metaspace       used 60328K, committed 61824K, reserved 1114112K
  class space    used 6417K, committed 7040K, reserved 1048576K
}
Event: 69.605 GC heap after
{Heap after GC invocations=140 (full 3):
 PSYoungGen      total 8192K, used 480K [0x00000000d5580000, 0x00000000d5e80000, 0x0000000100000000)
  eden space 7168K, 0% used [0x00000000d5580000,0x00000000d5580000,0x00000000d5c80000)
  from space 1024K, 46% used [0x00000000d5c80000,0x00000000d5cf8000,0x00000000d5d80000)
  to   space 1024K, 0% used [0x00000000d5d80000,0x00000000d5d80000,0x00000000d5e80000)
 ParOldGen       total 86016K, used 85707K [0x0000000080000000, 0x0000000085400000, 0x00000000d5580000)
  object space 86016K, 99% used [0x0000000080000000,0x00000000853b2c68,0x0000000085400000)
 Metaspace       used 60328K, committed 61824K, reserved 1114112K
  class space    used 6417K, committed 7040K, reserved 1048576K
}
Event: 69.906 GC heap before
{Heap before GC invocations=141 (full 3):
 PSYoungGen      total 8192K, used 7648K [0x00000000d5580000, 0x00000000d5e80000, 0x0000000100000000)
  eden space 7168K, 100% used [0x00000000d5580000,0x00000000d5c80000,0x00000000d5c80000)
  from space 1024K, 46% used [0x00000000d5c80000,0x00000000d5cf8000,0x00000000d5d80000)
  to   space 1024K, 0% used [0x00000000d5d80000,0x00000000d5d80000,0x00000000d5e80000)
 ParOldGen       total 86016K, used 85707K [0x0000000080000000, 0x0000000085400000, 0x00000000d5580000)
  object space 86016K, 99% used [0x0000000080000000,0x00000000853b2c68,0x0000000085400000)
 Metaspace       used 60347K, committed 61824K, reserved 1114112K
  class space    used 6417K, committed 7040K, reserved 1048576K
}
Event: 69.914 GC heap after
{Heap after GC invocations=141 (full 3):
 PSYoungGen      total 8192K, used 928K [0x00000000d5580000, 0x00000000d5e80000, 0x0000000100000000)
  eden space 7168K, 0% used [0x00000000d5580000,0x00000000d5580000,0x00000000d5c80000)
  from space 1024K, 90% used [0x00000000d5d80000,0x00000000d5e68000,0x00000000d5e80000)
  to   space 1024K, 0% used [0x00000000d5c80000,0x00000000d5c80000,0x00000000d5d80000)
 ParOldGen       total 86016K, used 86010K [0x0000000080000000, 0x0000000085400000, 0x00000000d5580000)
  object space 86016K, 99% used [0x0000000080000000,0x00000000853fea00,0x0000000085400000)
 Metaspace       used 60347K, committed 61824K, reserved 1114112K
  class space    used 6417K, committed 7040K, reserved 1048576K
}
Event: 70.284 GC heap before
{Heap before GC invocations=142 (full 3):
 PSYoungGen      total 8192K, used 8096K [0x00000000d5580000, 0x00000000d5e80000, 0x0000000100000000)
  eden space 7168K, 100% used [0x00000000d5580000,0x00000000d5c80000,0x00000000d5c80000)
  from space 1024K, 90% used [0x00000000d5d80000,0x00000000d5e68000,0x00000000d5e80000)
  to   space 1024K, 0% used [0x00000000d5c80000,0x00000000d5c80000,0x00000000d5d80000)
 ParOldGen       total 86016K, used 86010K [0x0000000080000000, 0x0000000085400000, 0x00000000d5580000)
  object space 86016K, 99% used [0x0000000080000000,0x00000000853fea00,0x0000000085400000)
 Metaspace       used 60400K, committed 61824K, reserved 1114112K
  class space    used 6423K, committed 7040K, reserved 1048576K
}
Event: 70.296 GC heap after
{Heap after GC invocations=142 (full 3):
 PSYoungGen      total 8192K, used 935K [0x00000000d5580000, 0x00000000d5e80000, 0x0000000100000000)
  eden space 7168K, 0% used [0x00000000d5580000,0x00000000d5580000,0x00000000d5c80000)
  from space 1024K, 91% used [0x00000000d5c80000,0x00000000d5d69e98,0x00000000d5d80000)
  to   space 1024K, 0% used [0x00000000d5d80000,0x00000000d5d80000,0x00000000d5e80000)
 ParOldGen       total 87040K, used 86730K [0x0000000080000000, 0x0000000085500000, 0x00000000d5580000)
  object space 87040K, 99% used [0x0000000080000000,0x00000000854b2a00,0x0000000085500000)
 Metaspace       used 60400K, committed 61824K, reserved 1114112K
  class space    used 6423K, committed 7040K, reserved 1048576K
}
Event: 71.543 GC heap before
{Heap before GC invocations=143 (full 3):
 PSYoungGen      total 8192K, used 8103K [0x00000000d5580000, 0x00000000d5e80000, 0x0000000100000000)
  eden space 7168K, 100% used [0x00000000d5580000,0x00000000d5c80000,0x00000000d5c80000)
  from space 1024K, 91% used [0x00000000d5c80000,0x00000000d5d69e98,0x00000000d5d80000)
  to   space 1024K, 0% used [0x00000000d5d80000,0x00000000d5d80000,0x00000000d5e80000)
 ParOldGen       total 87040K, used 86730K [0x0000000080000000, 0x0000000085500000, 0x00000000d5580000)
  object space 87040K, 99% used [0x0000000080000000,0x00000000854b2a00,0x0000000085500000)
 Metaspace       used 60570K, committed 62016K, reserved 1114112K
  class space    used 6449K, committed 7104K, reserved 1048576K
}
Event: 71.549 GC heap after
{Heap after GC invocations=143 (full 3):
 PSYoungGen      total 8192K, used 576K [0x00000000d5580000, 0x00000000d5e80000, 0x0000000100000000)
  eden space 7168K, 0% used [0x00000000d5580000,0x00000000d5580000,0x00000000d5c80000)
  from space 1024K, 56% used [0x00000000d5d80000,0x00000000d5e10000,0x00000000d5e80000)
  to   space 1024K, 0% used [0x00000000d5c80000,0x00000000d5c80000,0x00000000d5d80000)
 ParOldGen       total 87552K, used 87256K [0x0000000080000000, 0x0000000085580000, 0x00000000d5580000)
  object space 87552K, 99% used [0x0000000080000000,0x00000000855363c0,0x0000000085580000)
 Metaspace       used 60570K, committed 62016K, reserved 1114112K
  class space    used 6449K, committed 7104K, reserved 1048576K
}

Dll operation events (10 events):
Event: 0.058 Loaded shared library c:\Users\dangt\.vscode\extensions\redhat.java-1.49.0-win32-x64\jre\21.0.9-win32-x86_64\bin\java.dll
Event: 0.518 Loaded shared library c:\Users\dangt\.vscode\extensions\redhat.java-1.49.0-win32-x64\jre\21.0.9-win32-x86_64\bin\zip.dll
Event: 0.637 Loaded shared library C:\Users\dangt\.vscode\extensions\redhat.java-1.49.0-win32-x64\jre\21.0.9-win32-x86_64\bin\instrument.dll
Event: 0.678 Loaded shared library C:\Users\dangt\.vscode\extensions\redhat.java-1.49.0-win32-x64\jre\21.0.9-win32-x86_64\bin\net.dll
Event: 0.691 Loaded shared library C:\Users\dangt\.vscode\extensions\redhat.java-1.49.0-win32-x64\jre\21.0.9-win32-x86_64\bin\nio.dll
Event: 0.705 Loaded shared library C:\Users\dangt\.vscode\extensions\redhat.java-1.49.0-win32-x64\jre\21.0.9-win32-x86_64\bin\zip.dll
Event: 0.797 Loaded shared library C:\Users\dangt\.vscode\extensions\redhat.java-1.49.0-win32-x64\jre\21.0.9-win32-x86_64\bin\jimage.dll
Event: 1.502 Loaded shared library c:\Users\dangt\.vscode\extensions\redhat.java-1.49.0-win32-x64\jre\21.0.9-win32-x86_64\bin\verify.dll
Event: 8.047 Loaded shared library C:\Users\dangt\AppData\Roaming\Code\User\globalStorage\redhat.java\1.49.0\config_win\org.eclipse.equinox.launcher\org.eclipse.equinox.launcher.win32.win32.x86_64_1.2.1400.v20250801-0854\eclipse_11916.dll
Event: 14.500 Loaded shared library C:\Users\dangt\AppData\Local\Temp\jna--1216721856\jna6895055464242104494.dll

Deoptimization events (20 events):
Event: 70.490 Thread 0x000001eed634ad90 Uncommon trap: trap_request=0xffffffc6 fr.pc=0x000001ee88258790 relative=0x0000000000000170
Event: 70.490 Thread 0x000001eed634ad90 Uncommon trap: reason=bimorphic_or_optimized_type_check action=maybe_recompile pc=0x000001ee88258790 method=org.eclipse.jdt.internal.core.Openable.exists()Z @ 13 c2
Event: 70.490 Thread 0x000001eed634ad90 DEOPT PACKING pc=0x000001ee88258790 sp=0x00000048df4fe300
Event: 70.490 Thread 0x000001eed634ad90 DEOPT UNPACKING pc=0x000001ee87586da2 sp=0x00000048df4fe288 mode 2
Event: 70.491 Thread 0x000001eed634ad90 Uncommon trap: trap_request=0xffffffc6 fr.pc=0x000001ee88258790 relative=0x0000000000000170
Event: 70.491 Thread 0x000001eed634ad90 Uncommon trap: reason=bimorphic_or_optimized_type_check action=maybe_recompile pc=0x000001ee88258790 method=org.eclipse.jdt.internal.core.Openable.exists()Z @ 13 c2
Event: 70.491 Thread 0x000001eed634ad90 DEOPT PACKING pc=0x000001ee88258790 sp=0x00000048df4fe300
Event: 70.491 Thread 0x000001eed634ad90 DEOPT UNPACKING pc=0x000001ee87586da2 sp=0x00000048df4fe288 mode 2
Event: 70.491 Thread 0x000001eed634ad90 Uncommon trap: trap_request=0xffffff45 fr.pc=0x000001ee881c2280 relative=0x0000000000000920
Event: 70.491 Thread 0x000001eed634ad90 Uncommon trap: reason=unstable_if action=reinterpret pc=0x000001ee881c2280 method=java.util.ImmutableCollections$AbstractImmutableList.equals(Ljava/lang/Object;)Z @ 80 c2
Event: 70.491 Thread 0x000001eed634ad90 DEOPT PACKING pc=0x000001ee881c2280 sp=0x00000048df4fe1b0
Event: 70.491 Thread 0x000001eed634ad90 DEOPT UNPACKING pc=0x000001ee87586da2 sp=0x00000048df4fe148 mode 2
Event: 70.492 Thread 0x000001eed634ad90 Uncommon trap: trap_request=0xffffffc6 fr.pc=0x000001ee88258790 relative=0x0000000000000170
Event: 70.492 Thread 0x000001eed634ad90 Uncommon trap: reason=bimorphic_or_optimized_type_check action=maybe_recompile pc=0x000001ee88258790 method=org.eclipse.jdt.internal.core.Openable.exists()Z @ 13 c2
Event: 70.492 Thread 0x000001eed634ad90 DEOPT PACKING pc=0x000001ee88258790 sp=0x00000048df4fe300
Event: 70.492 Thread 0x000001eed634ad90 DEOPT UNPACKING pc=0x000001ee87586da2 sp=0x00000048df4fe288 mode 2
Event: 70.492 Thread 0x000001eed634ad90 Uncommon trap: trap_request=0xffffffc6 fr.pc=0x000001ee88258790 relative=0x0000000000000170
Event: 70.492 Thread 0x000001eed634ad90 Uncommon trap: reason=bimorphic_or_optimized_type_check action=maybe_recompile pc=0x000001ee88258790 method=org.eclipse.jdt.internal.core.Openable.exists()Z @ 13 c2
Event: 70.493 Thread 0x000001eed634ad90 DEOPT PACKING pc=0x000001ee88258790 sp=0x00000048df4fe300
Event: 70.493 Thread 0x000001eed634ad90 DEOPT UNPACKING pc=0x000001ee87586da2 sp=0x00000048df4fe288 mode 2

Classes loaded (20 events):
Event: 52.055 Loading class java/util/WeakHashMap$KeyIterator
Event: 52.055 Loading class java/util/WeakHashMap$KeyIterator done
Event: 57.985 Loading class sun/nio/cs/ISO_8859_1$Decoder
Event: 57.986 Loading class sun/nio/cs/ISO_8859_1$Decoder done
Event: 59.925 Loading class java/util/stream/DistinctOps
Event: 59.928 Loading class java/util/stream/DistinctOps done
Event: 59.928 Loading class java/util/stream/DistinctOps$1
Event: 59.932 Loading class java/util/stream/DistinctOps$1 done
Event: 59.951 Loading class java/util/stream/DistinctOps$1$2
Event: 59.951 Loading class java/util/stream/DistinctOps$1$2 done
Event: 59.966 Loading class java/util/Collections$2
Event: 59.968 Loading class java/util/Collections$2 done
Event: 64.032 Loading class java/util/concurrent/CompletableFuture$UniApply
Event: 64.038 Loading class java/util/concurrent/CompletableFuture$UniCompletion
Event: 64.039 Loading class java/util/concurrent/CompletableFuture$UniCompletion done
Event: 64.039 Loading class java/util/concurrent/CompletableFuture$UniApply done
Event: 64.115 Loading class java/util/concurrent/CompletableFuture$UniAccept
Event: 64.116 Loading class java/util/concurrent/CompletableFuture$UniAccept done
Event: 64.116 Loading class java/util/concurrent/CompletableFuture$UniExceptionally
Event: 64.116 Loading class java/util/concurrent/CompletableFuture$UniExceptionally done

Classes unloaded (8 events):
Event: 17.314 Thread 0x000001eef810e890 Unloading class 0x000001ee901a5400 'java/lang/invoke/LambdaForm$MH+0x000001ee901a5400'
Event: 17.314 Thread 0x000001eef810e890 Unloading class 0x000001ee901a5000 'java/lang/invoke/LambdaForm$MH+0x000001ee901a5000'
Event: 17.314 Thread 0x000001eef810e890 Unloading class 0x000001ee901a4c00 'java/lang/invoke/LambdaForm$MH+0x000001ee901a4c00'
Event: 17.314 Thread 0x000001eef810e890 Unloading class 0x000001ee901a4800 'java/lang/invoke/LambdaForm$MH+0x000001ee901a4800'
Event: 17.314 Thread 0x000001eef810e890 Unloading class 0x000001ee901a4400 'java/lang/invoke/LambdaForm$BMH+0x000001ee901a4400'
Event: 17.314 Thread 0x000001eef810e890 Unloading class 0x000001ee901a4000 'java/lang/invoke/LambdaForm$DMH+0x000001ee901a4000'
Event: 17.314 Thread 0x000001eef810e890 Unloading class 0x000001ee901a2c00 'java/lang/invoke/LambdaForm$DMH+0x000001ee901a2c00'
Event: 54.306 Thread 0x000001eef810e890 Unloading class 0x000001ee906d8c00 'java/lang/invoke/LambdaForm$DMH+0x000001ee906d8c00'

Classes redefined (0 events):
No events

Internal exceptions (20 events):
Event: 58.065 Thread 0x000001eed90d7630 Exception <a 'sun/nio/fs/WindowsException'{0x00000000d5cfcb70}> (0x00000000d5cfcb70) 
thrown [s\src\hotspot\share\prims\jni.cpp, line 520]
Event: 58.065 Thread 0x000001eed90d7630 Exception <a 'sun/nio/fs/WindowsException'{0x00000000d5cfd1f8}> (0x00000000d5cfd1f8) 
thrown [s\src\hotspot\share\prims\jni.cpp, line 520]
Event: 58.070 Thread 0x000001eed90d7630 Exception <a 'sun/nio/fs/WindowsException'{0x00000000d5cfe440}> (0x00000000d5cfe440) 
thrown [s\src\hotspot\share\prims\jni.cpp, line 520]
Event: 58.070 Thread 0x000001eed90d7630 Exception <a 'sun/nio/fs/WindowsException'{0x00000000d5cfeb18}> (0x00000000d5cfeb18) 
thrown [s\src\hotspot\share\prims\jni.cpp, line 520]
Event: 58.071 Thread 0x000001eed90d7630 Exception <a 'sun/nio/fs/WindowsException'{0x00000000d5cff8e8}> (0x00000000d5cff8e8) 
thrown [s\src\hotspot\share\prims\jni.cpp, line 520]
Event: 58.071 Thread 0x000001eed90d7630 Exception <a 'sun/nio/fs/WindowsException'{0x00000000d5cfffc0}> (0x00000000d5cfffc0) 
thrown [s\src\hotspot\share\prims\jni.cpp, line 520]
Event: 59.192 Thread 0x000001eed634a700 Implicit null exception at 0x000001ee87ec7a63 to 0x000001ee87ec7c18
Event: 59.193 Thread 0x000001eed634a700 Implicit null exception at 0x000001ee881712ab to 0x000001ee88171458
Event: 59.285 Thread 0x000001eed634ad90 Implicit null exception at 0x000001ee8819c306 to 0x000001ee8819c410
Event: 59.954 Thread 0x000001eed634a700 Exception <a 'java/lang/NoSuchMethodError'{0x00000000d5ce84f0}: 'java.lang.Object java.lang.invoke.DirectMethodHandle$Holder.newInvokeSpecial(java.lang.Object, java.lang.Object, int, java.lang.Object, java.lang.Object)'> (0x00000000d5ce84f0) 
thrown [s\src\hotspot\share\interpreter\linkResolver.cpp, line 773]
Event: 59.982 Thread 0x000001eed634a700 Exception <a 'java/lang/NoSuchMethodError'{0x00000000d560aba0}: 'java.lang.Object java.lang.invoke.DirectMethodHandle$Holder.invokeSpecial(java.lang.Object, java.lang.Object, java.lang.Object, int, java.lang.Object, java.lang.Object, java.lang.Object)'> (0x00000000d560aba0) 
thrown [s\src\hotspot\share\interpreter\linkResolver.cpp, line 773]
Event: 60.156 Thread 0x000001eed634a700 Exception <a 'java/lang/NoSuchMethodError'{0x00000000d590ecb0}: 'java.lang.Object java.lang.invoke.DirectMethodHandle$Holder.invokeStatic(java.lang.Object, java.lang.Object, int, java.lang.Object, java.lang.Object)'> (0x00000000d590ecb0) 
thrown [s\src\hotspot\share\interpreter\linkResolver.cpp, line 773]
Event: 60.158 Thread 0x000001eed634a700 Exception <a 'java/lang/NoSuchMethodError'{0x00000000d5915760}: 'java.lang.Object java.lang.invoke.DirectMethodHandle$Holder.newInvokeSpecial(java.lang.Object, java.lang.Object, int)'> (0x00000000d5915760) 
thrown [s\src\hotspot\share\interpreter\linkResolver.cpp, line 773]
Event: 60.219 Thread 0x000001eed634a700 Exception <a 'java/lang/NoSuchMethodError'{0x00000000d5ad1d88}: 'void java.lang.invoke.DirectMethodHandle$Holder.invokeStatic(java.lang.Object, int)'> (0x00000000d5ad1d88) 
thrown [s\src\hotspot\share\interpreter\linkResolver.cpp, line 773]
Event: 62.436 Thread 0x000001eed634a700 Exception <a 'java/io/FileNotFoundException'{0x00000000d5d4e858}> (0x00000000d5d4e858) 
thrown [s\src\hotspot\share\prims\jni.cpp, line 520]
Event: 62.437 Thread 0x000001eed634a700 Exception <a 'java/io/FileNotFoundException'{0x00000000d5d4faf0}> (0x00000000d5d4faf0) 
thrown [s\src\hotspot\share\prims\jni.cpp, line 520]
Event: 62.437 Thread 0x000001eed634a700 Exception <a 'java/io/FileNotFoundException'{0x00000000d5d50d58}> (0x00000000d5d50d58) 
thrown [s\src\hotspot\share\prims\jni.cpp, line 520]
Event: 62.618 Thread 0x000001eed634ad90 Implicit null exception at 0x000001ee87d05d48 to 0x000001ee87d0696c
Event: 64.020 Thread 0x000001eed90d7630 Exception <a 'java/lang/IncompatibleClassChangeError'{0x00000000d55d5770}: Found class java.lang.Object, but interface was expected> (0x00000000d55d5770) 
thrown [s\src\hotspot\share\interpreter\linkResolver.cpp, line 840]
Event: 70.149 Thread 0x000001eed634ad90 Exception <a 'java/lang/NullPointerException'{0x00000000d5b1d6d8}> (0x00000000d5b1d6d8) 
thrown [s\src\hotspot\share\interpreter\linkResolver.cpp, line 1372]

ZGC Phase Switch (0 events):
No events

VM Operations (20 events):
Event: 68.786 Executing VM operation: ParallelGCFailedAllocation (Allocation Failure)
Event: 68.829 Executing VM operation: ParallelGCFailedAllocation (Allocation Failure) done
Event: 69.042 Executing VM operation: ParallelGCFailedAllocation (Allocation Failure)
Event: 69.050 Executing VM operation: ParallelGCFailedAllocation (Allocation Failure) done
Event: 69.164 Executing VM operation: ParallelGCFailedAllocation (Allocation Failure)
Event: 69.169 Executing VM operation: ParallelGCFailedAllocation (Allocation Failure) done
Event: 69.275 Executing VM operation: ParallelGCFailedAllocation (Allocation Failure)
Event: 69.280 Executing VM operation: ParallelGCFailedAllocation (Allocation Failure) done
Event: 69.419 Executing VM operation: ParallelGCFailedAllocation (Allocation Failure)
Event: 69.425 Executing VM operation: ParallelGCFailedAllocation (Allocation Failure) done
Event: 69.601 Executing VM operation: ParallelGCFailedAllocation (Allocation Failure)
Event: 69.606 Executing VM operation: ParallelGCFailedAllocation (Allocation Failure) done
Event: 69.839 Executing VM operation: ParallelGCFailedAllocation (Allocation Failure)
Event: 69.914 Executing VM operation: ParallelGCFailedAllocation (Allocation Failure) done
Event: 70.284 Executing VM operation: ParallelGCFailedAllocation (Allocation Failure)
Event: 70.296 Executing VM operation: ParallelGCFailedAllocation (Allocation Failure) done
Event: 71.296 Executing VM operation: Cleanup
Event: 71.308 Executing VM operation: Cleanup done
Event: 71.506 Executing VM operation: ParallelGCFailedAllocation (Allocation Failure)
Event: 71.549 Executing VM operation: ParallelGCFailedAllocation (Allocation Failure) done

Memory protections (0 events):
No events

Nmethod flushes (20 events):
Event: 54.369 Thread 0x000001eef810e890 flushing  nmethod 0x000001ee80932f10
Event: 54.369 Thread 0x000001eef810e890 flushing osr nmethod 0x000001ee80935d10
Event: 54.369 Thread 0x000001eef810e890 flushing  nmethod 0x000001ee8093ed10
Event: 54.369 Thread 0x000001eef810e890 flushing  nmethod 0x000001ee80941590
Event: 54.369 Thread 0x000001eef810e890 flushing  nmethod 0x000001ee80997f10
Event: 54.369 Thread 0x000001eef810e890 flushing  nmethod 0x000001ee809a1710
Event: 54.369 Thread 0x000001eef810e890 flushing  nmethod 0x000001ee809a1d10
Event: 54.369 Thread 0x000001eef810e890 flushing  nmethod 0x000001ee809a2c90
Event: 54.369 Thread 0x000001eef810e890 flushing  nmethod 0x000001ee809a3d90
Event: 54.369 Thread 0x000001eef810e890 flushing  nmethod 0x000001ee809a7090
Event: 54.369 Thread 0x000001eef810e890 flushing  nmethod 0x000001ee809a7610
Event: 54.369 Thread 0x000001eef810e890 flushing  nmethod 0x000001ee809b1b90
Event: 54.369 Thread 0x000001eef810e890 flushing  nmethod 0x000001ee809c6f10
Event: 54.369 Thread 0x000001eef810e890 flushing  nmethod 0x000001ee809ef190
Event: 54.369 Thread 0x000001eef810e890 flushing  nmethod 0x000001ee809f2990
Event: 54.369 Thread 0x000001eef810e890 flushing  nmethod 0x000001ee80a10890
Event: 54.369 Thread 0x000001eef810e890 flushing  nmethod 0x000001ee80a10e90
Event: 54.369 Thread 0x000001eef810e890 flushing  nmethod 0x000001ee80a15710
Event: 54.369 Thread 0x000001eef810e890 flushing  nmethod 0x000001ee80a18190
Event: 54.369 Thread 0x000001eef810e890 flushing  nmethod 0x000001ee80a2c910

Events (20 events):
Event: 59.172 Thread 0x000001eed857e9d0 Thread exited: 0x000001eed857e9d0
Event: 59.172 Thread 0x000001eed857f060 Thread exited: 0x000001eed857f060
Event: 59.172 Thread 0x000001eed857bbe0 Thread exited: 0x000001eed857bbe0
Event: 59.173 Thread 0x000001eed857dcb0 Thread exited: 0x000001eed857dcb0
Event: 59.175 Thread 0x000001eed857e340 Thread exited: 0x000001eed857e340
Event: 62.519 Thread 0x000001eef7fd9ae0 Thread added: 0x000001eed8f42d40
Event: 63.878 Thread 0x000001eed8f42d40 Thread exited: 0x000001eed8f42d40
Event: 67.827 Thread 0x000001eed634a700 Thread added: 0x000001eed857e340
Event: 67.841 Thread 0x000001eed634a700 Thread added: 0x000001eed857f060
Event: 67.847 Thread 0x000001eed634a700 Thread added: 0x000001eed857bbe0
Event: 67.847 Thread 0x000001eed634a700 Thread added: 0x000001eed857fd80
Event: 67.847 Thread 0x000001eed634a700 Thread added: 0x000001eed8580410
Event: 70.145 Thread 0x000001eef7fd9ae0 Thread added: 0x000001eed8f40460
Event: 70.797 Thread 0x000001eed8f40460 Thread exited: 0x000001eed8f40460
Event: 71.623 Thread 0x000001eef7fd9ae0 Thread added: 0x000001eed8f42d40
Event: 71.706 Thread 0x000001eed857fd80 Thread exited: 0x000001eed857fd80
Event: 71.706 Thread 0x000001eed8580410 Thread exited: 0x000001eed8580410
Event: 71.707 Thread 0x000001eed857e340 Thread exited: 0x000001eed857e340
Event: 71.712 Thread 0x000001eed857bbe0 Thread exited: 0x000001eed857bbe0
Event: 71.713 Thread 0x000001eed857f060 Thread exited: 0x000001eed857f060


Dynamic libraries:
0x00007ff72da00000 - 0x00007ff72da0e000 	c:\Users\dangt\.vscode\extensions\redhat.java-1.49.0-win32-x64\jre\21.0.9-win32-x86_64\bin\java.exe
0x00007ff80b080000 - 0x00007ff80b2e8000 	C:\WINDOWS\SYSTEM32\ntdll.dll
0x00007ff809990000 - 0x00007ff809a59000 	C:\WINDOWS\System32\KERNEL32.DLL
0x00007ff8086c0000 - 0x00007ff808ab8000 	C:\WINDOWS\System32\KERNELBASE.dll
0x00007ff808400000 - 0x00007ff80854b000 	C:\WINDOWS\System32\ucrtbase.dll
0x00007fffe8250000 - 0x00007fffe8268000 	c:\Users\dangt\.vscode\extensions\redhat.java-1.49.0-win32-x64\jre\21.0.9-win32-x86_64\bin\jli.dll
0x00007ff809a60000 - 0x00007ff809c27000 	C:\WINDOWS\System32\USER32.dll
0x00007fffe31e0000 - 0x00007fffe31fe000 	c:\Users\dangt\.vscode\extensions\redhat.java-1.49.0-win32-x64\jre\21.0.9-win32-x86_64\bin\VCRUNTIME140.dll
0x00007ff8081a0000 - 0x00007ff8081c7000 	C:\WINDOWS\System32\win32u.dll
0x00007fffec5f0000 - 0x00007fffec884000 	C:\WINDOWS\WinSxS\amd64_microsoft.windows.common-controls_6595b64144ccf1df_6.0.26100.7019_none_3e06ffa0e335b8a8\COMCTL32.dll
0x00007ff809620000 - 0x00007ff80964b000 	C:\WINDOWS\System32\GDI32.dll
0x00007ff808fd0000 - 0x00007ff809079000 	C:\WINDOWS\System32\msvcrt.dll
0x00007ff808b50000 - 0x00007ff808c7c000 	C:\WINDOWS\System32\gdi32full.dll
0x00007ff808350000 - 0x00007ff8083f3000 	C:\WINDOWS\System32\msvcp_win.dll
0x00007ff8095e0000 - 0x00007ff809611000 	C:\WINDOWS\System32\IMM32.DLL
0x00007ffffe400000 - 0x00007ffffe40c000 	c:\Users\dangt\.vscode\extensions\redhat.java-1.49.0-win32-x64\jre\21.0.9-win32-x86_64\bin\vcruntime140_1.dll
0x00007fff91300000 - 0x00007fff9138d000 	c:\Users\dangt\.vscode\extensions\redhat.java-1.49.0-win32-x64\jre\21.0.9-win32-x86_64\bin\msvcp140.dll
0x00007fff7fb30000 - 0x00007fff808d0000 	c:\Users\dangt\.vscode\extensions\redhat.java-1.49.0-win32-x64\jre\21.0.9-win32-x86_64\bin\server\jvm.dll
0x00007ff809c80000 - 0x00007ff809d34000 	C:\WINDOWS\System32\ADVAPI32.dll
0x00007ff80a250000 - 0x00007ff80a2f6000 	C:\WINDOWS\System32\sechost.dll
0x00007ff80a650000 - 0x00007ff80a768000 	C:\WINDOWS\System32\RPCRT4.dll
0x00007ff809d40000 - 0x00007ff809db4000 	C:\WINDOWS\System32\WS2_32.dll
0x00007ff808000000 - 0x00007ff80805e000 	C:\WINDOWS\SYSTEM32\POWRPROF.dll
0x00007ffff4690000 - 0x00007ffff469b000 	C:\WINDOWS\SYSTEM32\VERSION.dll
0x00007ff804b00000 - 0x00007ff804b35000 	C:\WINDOWS\SYSTEM32\WINMM.dll
0x00007ff807fe0000 - 0x00007ff807ff4000 	C:\WINDOWS\SYSTEM32\UMPDC.dll
0x00007ff806f60000 - 0x00007ff806f7b000 	C:\WINDOWS\SYSTEM32\kernel.appcore.dll
0x00007ffffbbb0000 - 0x00007ffffbbba000 	c:\Users\dangt\.vscode\extensions\redhat.java-1.49.0-win32-x64\jre\21.0.9-win32-x86_64\bin\jimage.dll
0x00007ff805810000 - 0x00007ff805a52000 	C:\WINDOWS\SYSTEM32\DBGHELP.DLL
0x00007ff8091e0000 - 0x00007ff80956b000 	C:\WINDOWS\System32\combase.dll
0x00007ff809680000 - 0x00007ff809757000 	C:\WINDOWS\System32\OLEAUT32.dll
0x00007ff804a80000 - 0x00007ff804abc000 	C:\WINDOWS\SYSTEM32\dbgcore.DLL
0x00007ff808610000 - 0x00007ff8086b5000 	C:\WINDOWS\System32\bcryptPrimitives.dll
0x00007ffffba60000 - 0x00007ffffba6f000 	c:\Users\dangt\.vscode\extensions\redhat.java-1.49.0-win32-x64\jre\21.0.9-win32-x86_64\bin\instrument.dll
0x00007fffd08e0000 - 0x00007fffd0900000 	c:\Users\dangt\.vscode\extensions\redhat.java-1.49.0-win32-x64\jre\21.0.9-win32-x86_64\bin\java.dll
0x00007ff80a770000 - 0x00007ff80aebf000 	C:\WINDOWS\System32\SHELL32.dll
0x00007ff808c80000 - 0x00007ff808deb000 	C:\WINDOWS\System32\wintypes.dll
0x00007ff805d90000 - 0x00007ff8065ed000 	C:\WINDOWS\SYSTEM32\windows.storage.dll
0x00007ff808df0000 - 0x00007ff808ee2000 	C:\WINDOWS\System32\SHCORE.dll
0x00007ff809570000 - 0x00007ff8095d7000 	C:\WINDOWS\System32\shlwapi.dll
0x00007ff8080c0000 - 0x00007ff8080e9000 	C:\WINDOWS\SYSTEM32\profapi.dll
0x00007fffd63d0000 - 0x00007fffd63e8000 	c:\Users\dangt\.vscode\extensions\redhat.java-1.49.0-win32-x64\jre\21.0.9-win32-x86_64\bin\zip.dll
0x00007ffffb690000 - 0x00007ffffb6a0000 	C:\Users\dangt\.vscode\extensions\redhat.java-1.49.0-win32-x64\jre\21.0.9-win32-x86_64\bin\net.dll
0x00007ffff6d50000 - 0x00007ffff6e78000 	C:\WINDOWS\SYSTEM32\WINHTTP.dll
0x00007ff8074d0000 - 0x00007ff80753b000 	C:\WINDOWS\system32\mswsock.dll
0x00007fffd0a70000 - 0x00007fffd0a86000 	C:\Users\dangt\.vscode\extensions\redhat.java-1.49.0-win32-x64\jre\21.0.9-win32-x86_64\bin\nio.dll
0x00007ffffb600000 - 0x00007ffffb610000 	c:\Users\dangt\.vscode\extensions\redhat.java-1.49.0-win32-x64\jre\21.0.9-win32-x86_64\bin\verify.dll
0x00007fff92f80000 - 0x00007fff92fc4000 	C:\Users\dangt\AppData\Roaming\Code\User\globalStorage\redhat.java\1.49.0\config_win\org.eclipse.equinox.launcher\org.eclipse.equinox.launcher.win32.win32.x86_64_1.2.1400.v20250801-0854\eclipse_11916.dll
0x00007ff809770000 - 0x00007ff809907000 	C:\WINDOWS\System32\ole32.dll
0x00007ff807790000 - 0x00007ff8077ab000 	C:\WINDOWS\SYSTEM32\CRYPTSP.dll
0x00007ff806ec0000 - 0x00007ff806efa000 	C:\WINDOWS\system32\rsaenh.dll
0x00007ff807580000 - 0x00007ff8075ab000 	C:\WINDOWS\SYSTEM32\USERENV.dll
0x00007ff808090000 - 0x00007ff8080ba000 	C:\WINDOWS\SYSTEM32\bcrypt.dll
0x00007ff8077b0000 - 0x00007ff8077bc000 	C:\WINDOWS\SYSTEM32\CRYPTBASE.dll
0x00007ff8069d0000 - 0x00007ff806a04000 	C:\WINDOWS\SYSTEM32\IPHLPAPI.DLL
0x00007ff80afe0000 - 0x00007ff80afea000 	C:\WINDOWS\System32\NSI.dll
0x00007fff904b0000 - 0x00007fff904f9000 	C:\Users\dangt\AppData\Local\Temp\jna--1216721856\jna6895055464242104494.dll
0x00007ff809080000 - 0x00007ff809088000 	C:\WINDOWS\System32\PSAPI.DLL
0x00007ffffca80000 - 0x00007ffffca9e000 	C:\WINDOWS\SYSTEM32\dhcpcsvc6.DLL
0x00007ffffca50000 - 0x00007ffffca73000 	C:\WINDOWS\SYSTEM32\dhcpcsvc.DLL

JVMTI agents:
c:\Users\dangt\.vscode\extensions\redhat.java-1.49.0-win32-x64\lombok\lombok-1.18.39-4050.jar path:c:\Users\dangt\.vscode\extensions\redhat.java-1.49.0-win32-x64\jre\21.0.9-win32-x86_64\bin\instrument.dll, loaded, initialized, instrumentlib options:none

dbghelp: loaded successfully - version: 4.0.5 - missing functions: none
symbol engine: initialized successfully - sym options: 0x614 - pdb path: .;c:\Users\dangt\.vscode\extensions\redhat.java-1.49.0-win32-x64\jre\21.0.9-win32-x86_64\bin;C:\WINDOWS\SYSTEM32;C:\WINDOWS\WinSxS\amd64_microsoft.windows.common-controls_6595b64144ccf1df_6.0.26100.7019_none_3e06ffa0e335b8a8;c:\Users\dangt\.vscode\extensions\redhat.java-1.49.0-win32-x64\jre\21.0.9-win32-x86_64\bin\server;C:\Users\dangt\AppData\Roaming\Code\User\globalStorage\redhat.java\1.49.0\config_win\org.eclipse.equinox.launcher\org.eclipse.equinox.launcher.win32.win32.x86_64_1.2.1400.v20250801-0854;C:\Users\dangt\AppData\Local\Temp\jna--1216721856

VM Arguments:
jvm_args: --add-modules=ALL-SYSTEM --add-opens=java.base/java.util=ALL-UNNAMED --add-opens=java.base/java.lang=ALL-UNNAMED --add-opens=java.base/sun.nio.fs=ALL-UNNAMED -Declipse.application=org.eclipse.jdt.ls.core.id1 -Dosgi.bundles.defaultStartLevel=4 -Declipse.product=org.eclipse.jdt.ls.core.product -Djava.import.generatesMetadataFilesAtProjectRoot=false -DDetectVMInstallationsJob.disabled=true -Dfile.encoding=utf8 -XX:+UseParallelGC -XX:GCTimeRatio=4 -XX:AdaptiveSizePolicyWeight=90 -Dsun.zip.disableMemoryMapping=true -Xmx2G -Xms100m -Xlog:disable -javaagent:c:\Users\dangt\.vscode\extensions\redhat.java-1.49.0-win32-x64\lombok\lombok-1.18.39-4050.jar -XX:+HeapDumpOnOutOfMemoryError -XX:HeapDumpPath=c:\Users\dangt\AppData\Roaming\Code\User\workspaceStorage\8ea19c0efffb335ee80ae312c2ed707d\redhat.java -Daether.dependencyCollector.impl=bf 
java_command: c:\Users\dangt\.vscode\extensions\redhat.java-1.49.0-win32-x64\server\plugins\org.eclipse.equinox.launcher_1.7.100.v20251111-0406.jar -configuration c:\Users\dangt\AppData\Roaming\Code\User\globalStorage\redhat.java\1.49.0\config_win -data c:\Users\dangt\AppData\Roaming\Code\User\workspaceStorage\8ea19c0efffb335ee80ae312c2ed707d\redhat.java\jdt_ws --pipe=\\.\pipe\lsp-2c77d13bf7c283e85824104e4e28d579-sock
java_class_path (initial): c:\Users\dangt\.vscode\extensions\redhat.java-1.49.0-win32-x64\server\plugins\org.eclipse.equinox.launcher_1.7.100.v20251111-0406.jar
Launcher Type: SUN_STANDARD

[Global flags]
    uintx AdaptiveSizePolicyWeight                 = 90                                        {product} {command line}
     intx CICompilerCount                          = 4                                         {product} {ergonomic}
    uintx GCTimeRatio                              = 4                                         {product} {command line}
     bool HeapDumpOnOutOfMemoryError               = true                                   {manageable} {command line}
    ccstr HeapDumpPath                             = c:\Users\dangt\AppData\Roaming\Code\User\workspaceStorage\8ea19c0efffb335ee80ae312c2ed707d\redhat.java         {manageable} {command line}
   size_t InitialHeapSize                          = 104857600                                 {product} {command line}
   size_t MaxHeapSize                              = 2147483648                                {product} {command line}
   size_t MaxNewSize                               = 715653120                                 {product} {ergonomic}
   size_t MinHeapDeltaBytes                        = 524288                                    {product} {ergonomic}
   size_t MinHeapSize                              = 104857600                                 {product} {command line}
   size_t NewSize                                  = 34603008                                  {product} {ergonomic}
    uintx NonNMethodCodeHeapSize                   = 5839372                                {pd product} {ergonomic}
    uintx NonProfiledCodeHeapSize                  = 122909434                              {pd product} {ergonomic}
   size_t OldSize                                  = 70254592                                  {product} {ergonomic}
     bool PerfDisableSharedMem                     = true                                      {product} {ergonomic}
    uintx ProfiledCodeHeapSize                     = 122909434                              {pd product} {ergonomic}
    uintx ReservedCodeCacheSize                    = 251658240                              {pd product} {ergonomic}
     bool SegmentedCodeCache                       = true                                      {product} {ergonomic}
   size_t SoftMaxHeapSize                          = 2147483648                             {manageable} {ergonomic}
     bool UseCompressedOops                        = true                           {product lp64_product} {ergonomic}
     bool UseLargePagesIndividualAllocation        = false                                  {pd product} {ergonomic}
     bool UseParallelGC                            = true                                      {product} {command line}

Logging:
Log output configuration:
 #0: stdout all=off uptime,level,tags foldmultilines=false
 #1: stderr all=off uptime,level,tags foldmultilines=false

Release file:
JAVA_VERSION="21.0.9" 
MODULES="java.base java.compiler java.datatransfer java.xml java.prefs java.desktop java.instrument java.logging java.management java.security.sasl java.naming java.rmi java.management.rmi java.net.http java.scripting java.security.jgss java.transaction.xa java.sql java.sql.rowset java.xml.crypto java.se java.smartcardio jdk.accessibility jdk.internal.jvmstat jdk.attach jdk.charsets jdk.internal.opt jdk.zipfs jdk.compiler jdk.crypto.ec jdk.crypto.cryptoki jdk.crypto.mscapi jdk.dynalink jdk.internal.ed jdk.editpad jdk.hotspot.agent jdk.httpserver jdk.internal.le jdk.internal.vm.ci jdk.internal.vm.compiler jdk.internal.vm.compiler.management jdk.jartool jdk.javadoc jdk.jcmd jdk.management jdk.management.agent jdk.jconsole jdk.jdeps jdk.jdwp.agent jdk.jdi jdk.jfr jdk.jshell jdk.jsobject jdk.jstatd jdk.localedata jdk.management.jfr jdk.naming.dns jdk.naming.rmi jdk.net jdk.nio.mapmode jdk.random jdk.sctp jdk.security.auth jdk.security.jgss jdk.unsupported jdk.unsupported.desktop jdk.xml.dom" 

Environment Variables:
JAVA_HOME=C:\Program Files\Microsoft\jdk-17.0.16.8-hotspot
PATH=C:\Program Files\Microsoft\jdk-17.0.16.8-hotspot\bin;C:\WINDOWS\system32;C:\WINDOWS;C:\WINDOWS\System32\Wbem;C:\WINDOWS\System32\WindowsPowerShell\v1.0\;C:\WINDOWS\System32\OpenSSH\;C:\Program Files\dotnet\;C:\ProgramData\chocolatey\bin;C:\Program Files\playit_gg\bin\;C:\Program Files (x86)\Java\jre1.8.0_461\bin;C:\Program Files (x86)\Microsoft SQL Server\160\Tools\Binn\;C:\Program Files\Microsoft SQL Server\160\Tools\Binn\;C:\Program Files\Microsoft SQL Server\Client SDK\ODBC\170\Tools\Binn\;C:\Program Files\Microsoft SQL Server\160\DTS\Binn\;C:\Program Files\nodejs\;C:\Program Files\Docker\Docker\resources\bin;C:\Program Files\Git\cmd;C:\Users\dangt\AppData\Local\Programs\Python\Python313\Scripts\;C:\Users\dangt\AppData\Local\Programs\Python\Python313\;C:\Users\dangt\AppData\Local\Programs\Python\Launcher\;C:\Program Files\Microsoft\jdk-17.0.16.8-hotspot\bin;C:\Users\dangt\AppData\Local\Microsoft\WindowsApps;C:\Users\dangt\AppData\Local\Programs\Microsoft VS Code\bin;C:\msys64\mingw64\bin;C:\Users\dangt\.dotnet\tools;C:\Maven\apache-maven-3.9.9\bin;C:\tools\TinyTeX\bin\windows;D:\Node;C:\Users\dangt\AppData\Roaming\npm;
USERNAME=?ng Vuong
OS=Windows_NT
PROCESSOR_IDENTIFIER=Intel64 Family 6 Model 140 Stepping 1, GenuineIntel
TMP=C:\Users\dangt\AppData\Local\Temp
TEMP=C:\Users\dangt\AppData\Local\Temp




Periodic native trim disabled

---------------  S Y S T E M  ---------------

OS:
 Windows 11 , 64 bit Build 26100 (10.0.26100.7019)
OS uptime: 5 days 2:04 hours
Hyper-V role detected

CPU: total 8 (initial active 8) (4 cores per cpu, 2 threads per core) family 6 model 140 stepping 1 microcode 0xb4, cx8, cmov, fxsr, ht, mmx, 3dnowpref, sse, sse2, sse3, ssse3, sse4.1, sse4.2, popcnt, lzcnt, tsc, tscinvbit, avx, avx2, aes, erms, clmul, bmi1, bmi2, adx, avx512f, avx512dq, avx512cd, avx512bw, avx512vl, sha, fma, vzeroupper, avx512_vpopcntdq, avx512_vpclmulqdq, avx512_vaes, avx512_vnni, clflush, clflushopt, clwb, avx512_vbmi2, avx512_vbmi, hv, rdtscp, rdpid, fsrm, gfni, avx512_bitalg, f16c, cet_ibt, cet_ss, avx512_ifma
Processor Information for the first 8 processors :
  Max Mhz: 2611, Current Mhz: 2611, Mhz Limit: 2611

Memory: 4k page, system-wide physical 7930M (292M free)
TotalPageFile size 27802M (AvailPageFile size 0M)
current process WorkingSet (physical memory assigned to process): 189M, peak: 280M
current process commit charge ("private bytes"): 388M, peak: 389M

vm_info: OpenJDK 64-Bit Server VM (21.0.9+10-LTS) for windows-amd64 JRE (21.0.9+10-LTS), built on 2025-10-21T00:00:00Z by "admin" with unknown MS VC++:1942

END.
