#
# There is insufficient memory for the Java Runtime Environment to continue.
# Native memory allocation (malloc) failed to allocate 498096 bytes. Error detail: Chunk::new
# Possible reasons:
#   The system is out of physical RAM or swap space
#   This process is running with CompressedOops enabled, and the Java Heap may be blocking the growth of the native heap
# Possible solutions:
#   Reduce memory load on the system
#   Increase physical memory or swap space
#   Check if swap backing store is full
#   Decrease Java heap size (-Xmx/-Xms)
#   Decrease number of Java threads
#   Decrease Java thread stack sizes (-Xss)
#   Set larger code cache with -XX:ReservedCodeCacheSize=
#   JVM is running with Unscaled Compressed Oops mode in which the Java heap is
#     placed in the first 4GB address space. The Java Heap base address is the
#     maximum limit for the native heap growth. Please use -XX:HeapBaseMinAddress
#     to set the Java Heap base and to place the Java Heap above 4GB virtual address.
# This output file may be truncated or incomplete.
#
#  Out of Memory Error (arena.cpp:168), pid=4860, tid=4528
#
# JRE version: OpenJDK Runtime Environment Temurin-21.0.9+10 (21.0.9+10) (build 21.0.9+10-LTS)
# Java VM: OpenJDK 64-Bit Server VM Temurin-21.0.9+10 (21.0.9+10-LTS, mixed mode, sharing, tiered, compressed oops, compressed class ptrs, parallel gc, windows-amd64)
# No core dump will be written. Minidumps are not enabled by default on client versions of Windows
#

---------------  S U M M A R Y ------------

Command Line: --add-modules=ALL-SYSTEM --add-opens=java.base/java.util=ALL-UNNAMED --add-opens=java.base/java.lang=ALL-UNNAMED --add-opens=java.base/sun.nio.fs=ALL-UNNAMED -Declipse.application=org.eclipse.jdt.ls.core.id1 -Dosgi.bundles.defaultStartLevel=4 -Declipse.product=org.eclipse.jdt.ls.core.product -Djava.import.generatesMetadataFilesAtProjectRoot=false -DDetectVMInstallationsJob.disabled=true -Dfile.encoding=utf8 -XX:+UseParallelGC -XX:GCTimeRatio=4 -XX:AdaptiveSizePolicyWeight=90 -Dsun.zip.disableMemoryMapping=true -Xmx2G -Xms100m -Xlog:disable -javaagent:c:\Users\dangt\.vscode\extensions\redhat.java-1.49.0-win32-x64\lombok\lombok-1.18.39-4050.jar c:\Users\dangt\.vscode\extensions\redhat.java-1.49.0-win32-x64\server\plugins\org.eclipse.equinox.launcher_1.7.100.v20251111-0406.jar -configuration c:\Users\dangt\AppData\Roaming\Code\User\globalStorage\redhat.java\1.49.0\config_ss_win -data c:\Users\dangt\AppData\Roaming\Code\User\workspaceStorage\8ea19c0efffb335ee80ae312c2ed707d\redhat.java\ss_ws --pipe=\\.\pipe\lsp-55e8112f3bf2b7f55c14cc74743c1183-sock

Host: 11th Gen Intel(R) Core(TM) i5-11300H @ 3.10GHz, 8 cores, 7G,  Windows 11 , 64 bit Build 26100 (10.0.26100.7019)
Time: Tue Nov 25 21:58:16 2025 SE Asia Standard Time elapsed time: 10.022126 seconds (0d 0h 0m 10s)

---------------  T H R E A D  ---------------

Current thread (0x00000263602f0020):  JavaThread "C2 CompilerThread0" daemon [_thread_in_native, id=4528, stack(0x000000b857200000,0x000000b857300000) (1024K)]


Current CompileTask:
C2:10022 2347       4       jdk.internal.org.objectweb.asm.Frame::execute (2305 bytes)

Stack: [0x000000b857200000,0x000000b857300000]
Native frames: (J=compiled Java code, j=interpreted, Vv=VM code, C=native code)
V  [jvm.dll+0x6d6e29]
V  [jvm.dll+0x8b4b76]
V  [jvm.dll+0x8b712e]
V  [jvm.dll+0x8b7813]
V  [jvm.dll+0x283d86]
V  [jvm.dll+0xc66ed]
V  [jvm.dll+0xc6c31]
V  [jvm.dll+0x3be53b]
V  [jvm.dll+0x38ab92]
V  [jvm.dll+0x389fda]
V  [jvm.dll+0x24bfa0]
V  [jvm.dll+0x24b580]
V  [jvm.dll+0x1cb13e]
V  [jvm.dll+0x25b29d]
V  [jvm.dll+0x25982a]
V  [jvm.dll+0x3f7ea6]
V  [jvm.dll+0x85e9ad]
V  [jvm.dll+0x6d565d]
C  [ucrtbase.dll+0x37b0]
C  [KERNEL32.DLL+0x2e8d7]
C  [ntdll.dll+0x8c53c]


---------------  P R O C E S S  ---------------

Threads class SMR info:
_java_thread_list=0x000002637d23d970, length=16, elements={
0x000002636036d000, 0x00000263602e83b0, 0x00000263602e96a0, 0x00000263602eb2a0,
0x00000263602ede00, 0x00000263602ee850, 0x00000263602ef2a0, 0x00000263602f0020,
0x00000263602fb1b0, 0x000002637873b5c0, 0x000002637895cfb0, 0x000002637d195410,
0x000002637d3f9ad0, 0x000002637d4410c0, 0x000002637d5bf420, 0x0000026378769640
}

Java Threads: ( => current thread )
  0x000002636036d000 JavaThread "main"                              [_thread_blocked, id=10444, stack(0x000000b856800000,0x000000b856900000) (1024K)]
  0x00000263602e83b0 JavaThread "Reference Handler"          daemon [_thread_blocked, id=1800, stack(0x000000b856c00000,0x000000b856d00000) (1024K)]
  0x00000263602e96a0 JavaThread "Finalizer"                  daemon [_thread_blocked, id=3420, stack(0x000000b856d00000,0x000000b856e00000) (1024K)]
  0x00000263602eb2a0 JavaThread "Signal Dispatcher"          daemon [_thread_blocked, id=9988, stack(0x000000b856e00000,0x000000b856f00000) (1024K)]
  0x00000263602ede00 JavaThread "Attach Listener"            daemon [_thread_blocked, id=29632, stack(0x000000b856f00000,0x000000b857000000) (1024K)]
  0x00000263602ee850 JavaThread "Service Thread"             daemon [_thread_blocked, id=22280, stack(0x000000b857000000,0x000000b857100000) (1024K)]
  0x00000263602ef2a0 JavaThread "Monitor Deflation Thread"   daemon [_thread_blocked, id=21284, stack(0x000000b857100000,0x000000b857200000) (1024K)]
=>0x00000263602f0020 JavaThread "C2 CompilerThread0"         daemon [_thread_in_native, id=4528, stack(0x000000b857200000,0x000000b857300000) (1024K)]
  0x00000263602fb1b0 JavaThread "C1 CompilerThread0"         daemon [_thread_blocked, id=8312, stack(0x000000b857300000,0x000000b857400000) (1024K)]
  0x000002637873b5c0 JavaThread "Common-Cleaner"             daemon [_thread_blocked, id=24948, stack(0x000000b857400000,0x000000b857500000) (1024K)]
  0x000002637895cfb0 JavaThread "Notification Thread"        daemon [_thread_blocked, id=29020, stack(0x000000b857500000,0x000000b857600000) (1024K)]
  0x000002637d195410 JavaThread "Active Thread: Equinox Container: 40f81365-0047-4693-ad70-c084efabbd97"        [_thread_blocked, id=14384, stack(0x000000b857c00000,0x000000b857d00000) (1024K)]
  0x000002637d3f9ad0 JavaThread "Framework Event Dispatcher: Equinox Container: 40f81365-0047-4693-ad70-c084efabbd97" daemon [_thread_blocked, id=20964, stack(0x000000b857d00000,0x000000b857e00000) (1024K)]
  0x000002637d4410c0 JavaThread "Start Level: Equinox Container: 40f81365-0047-4693-ad70-c084efabbd97" daemon [_thread_in_Java, id=25932, stack(0x000000b857e00000,0x000000b857f00000) (1024K)]
  0x000002637d5bf420 JavaThread "SCR Component Actor"        daemon [_thread_blocked, id=27600, stack(0x000000b858000000,0x000000b858100000) (1024K)]
  0x0000026378769640 JavaThread "Worker-JM"                         [_thread_blocked, id=23420, stack(0x000000b858100000,0x000000b858200000) (1024K)]
Total: 16

Other Threads:
  0x000002636040faf0 VMThread "VM Thread"                           [id=18236, stack(0x000000b856b00000,0x000000b856c00000) (1024K)]
  0x00000263603d6fe0 WatcherThread "VM Periodic Task Thread"        [id=18956, stack(0x000000b856a00000,0x000000b856b00000) (1024K)]
  0x000002636038b410 WorkerThread "GC Thread#0"                     [id=1884, stack(0x000000b856900000,0x000000b856a00000) (1024K)]
  0x000002637d11eb70 WorkerThread "GC Thread#1"                     [id=18324, stack(0x000000b857600000,0x000000b857700000) (1024K)]
  0x000002637d11ef10 WorkerThread "GC Thread#2"                     [id=5952, stack(0x000000b857700000,0x000000b857800000) (1024K)]
  0x000002637d234300 WorkerThread "GC Thread#3"                     [id=10784, stack(0x000000b857800000,0x000000b857900000) (1024K)]
  0x000002637d133210 WorkerThread "GC Thread#4"                     [id=13752, stack(0x000000b857900000,0x000000b857a00000) (1024K)]
  0x000002637d1335b0 WorkerThread "GC Thread#5"                     [id=21884, stack(0x000000b857a00000,0x000000b857b00000) (1024K)]
  0x000002637d133950 WorkerThread "GC Thread#6"                     [id=20784, stack(0x000000b857b00000,0x000000b857c00000) (1024K)]
  0x000002637d6e9a00 WorkerThread "GC Thread#7"                     [id=15900, stack(0x000000b857f00000,0x000000b858000000) (1024K)]
Total: 10

Threads with active compile tasks:
C2 CompilerThread0  10097 2347       4       jdk.internal.org.objectweb.asm.Frame::execute (2305 bytes)
Total: 1

VM state: not at safepoint (normal execution)

VM Mutex/Monitor currently owned by a thread: None

Heap address: 0x0000000080000000, size: 2048 MB, Compressed Oops mode: 32-bit

CDS archive(s) mapped at: [0x0000026300000000-0x0000026300ba0000-0x0000026300ba0000), size 12189696, SharedBaseAddress: 0x0000026300000000, ArchiveRelocationMode: 1.
Compressed class space mapped at: 0x0000026301000000-0x0000026341000000, reserved size: 1073741824
Narrow klass base: 0x0000026300000000, Narrow klass shift: 0, Narrow klass range: 0x100000000

GC Precious Log:
 CardTable entry size: 512
 CPUs: 8 total, 8 available
 Memory: 7930M
 Large Page Support: Disabled
 NUMA Support: Disabled
 Compressed Oops: Enabled (32-bit)
 Alignments: Space 512K, Generation 512K, Heap 2M
 Heap Min Capacity: 100M
 Heap Initial Capacity: 100M
 Heap Max Capacity: 2G
 Pre-touch: Disabled
 Parallel Workers: 8

Heap:
 PSYoungGen      total 29696K, used 12193K [0x00000000d5580000, 0x00000000d7680000, 0x0000000100000000)
  eden space 25600K, 31% used [0x00000000d5580000,0x00000000d5d6c2e0,0x00000000d6e80000)
  from space 4096K, 99% used [0x00000000d6e80000,0x00000000d727c1f8,0x00000000d7280000)
  to   space 4096K, 0% used [0x00000000d7280000,0x00000000d7280000,0x00000000d7680000)
 ParOldGen       total 68608K, used 2821K [0x0000000080000000, 0x0000000084300000, 0x00000000d5580000)
  object space 68608K, 4% used [0x0000000080000000,0x00000000802c1438,0x0000000084300000)
 Metaspace       used 14063K, committed 14656K, reserved 1114112K
  class space    used 1482K, committed 1728K, reserved 1048576K

Card table byte_map: [0x000002635fd10000,0x0000026360120000] _byte_map_base: 0x000002635f910000

Marking Bits: (ParMarkBitMap*) 0x00007fff6aad2460
 Begin Bits: [0x0000026372820000, 0x0000026374820000)
 End Bits:   [0x0000026374820000, 0x0000026376820000)

Polling page: 0x000002635e170000

Metaspace:

Usage:
  Non-class:     12.29 MB used.
      Class:      1.45 MB used.
       Both:     13.73 MB used.

Virtual space:
  Non-class space:       64.00 MB reserved,      12.62 MB ( 20%) committed,  1 nodes.
      Class space:        1.00 GB reserved,       1.69 MB ( <1%) committed,  1 nodes.
             Both:        1.06 GB reserved,      14.31 MB (  1%) committed. 

Chunk freelists:
   Non-Class:  2.48 MB
       Class:  14.33 MB
        Both:  16.82 MB

MaxMetaspaceSize: unlimited
CompressedClassSpaceSize: 1.00 GB
Initial GC threshold: 21.00 MB
Current GC threshold: 21.00 MB
CDS: on
 - commit_granule_bytes: 65536.
 - commit_granule_words: 8192.
 - virtual_space_node_default_size: 8388608.
 - enlarge_chunks_in_place: 1.
 - use_allocation_guard: 0.


Internal statistics:

num_allocs_failed_limit: 0.
num_arena_births: 416.
num_arena_deaths: 0.
num_vsnodes_births: 2.
num_vsnodes_deaths: 0.
num_space_committed: 229.
num_space_uncommitted: 0.
num_chunks_returned_to_freelist: 0.
num_chunks_taken_from_freelist: 902.
num_chunk_merges: 0.
num_chunk_splits: 576.
num_chunks_enlarged: 364.
num_inconsistent_stats: 0.

CodeHeap 'non-profiled nmethods': size=120000Kb used=898Kb max_used=898Kb free=119101Kb
 bounds [0x000002636b040000, 0x000002636b2b0000, 0x0000026372570000]
CodeHeap 'profiled nmethods': size=120000Kb used=4684Kb max_used=4684Kb free=115315Kb
 bounds [0x0000026363570000, 0x0000026363a10000, 0x000002636aaa0000]
CodeHeap 'non-nmethods': size=5760Kb used=1270Kb max_used=1286Kb free=4489Kb
 bounds [0x000002636aaa0000, 0x000002636ad10000, 0x000002636b040000]
CodeCache: size=245760Kb, used=6852Kb, max_used=6868Kb, free=238905Kb
 total_blobs=2901, nmethods=2369, adapters=438, full_count=0
Compilation: enabled, stopped_count=0, restarted_count=0

Compilation events (20 events):
Event: 9.913 Thread 0x00000263602f0020 2316       4       org.eclipse.osgi.internal.hookregistry.ClassLoaderHook::preFindLocalClass (1 bytes)
Event: 9.914 Thread 0x00000263602f0020 nmethod 2316 0x000002636b11f610 code [0x000002636b11f7a0, 0x000002636b11f828]
Event: 9.919 Thread 0x00000263602fb1b0 2340   !   3       java.util.Collections$SynchronizedMap::get (25 bytes)
Event: 9.919 Thread 0x00000263602fb1b0 nmethod 2340 0x00000263639f0d90 code [0x00000263639f0f40, 0x00000263639f1208]
Event: 9.930 Thread 0x00000263602fb1b0 2341       3       org.eclipse.core.internal.localstore.SafeChunkyInputStream::compare (45 bytes)
Event: 9.930 Thread 0x00000263602fb1b0 nmethod 2341 0x00000263639f1390 code [0x00000263639f1540, 0x00000263639f17a8]
Event: 9.930 Thread 0x00000263602fb1b0 2342       3       org.eclipse.core.internal.localstore.SafeChunkyInputStream::read (71 bytes)
Event: 9.931 Thread 0x00000263602fb1b0 nmethod 2342 0x00000263639f1910 code [0x00000263639f1b20, 0x00000263639f1fd0]
Event: 9.931 Thread 0x00000263602fb1b0 2343       3       jdk.internal.misc.Unsafe::storeFence (5 bytes)
Event: 9.931 Thread 0x00000263602fb1b0 nmethod 2343 0x00000263639f2190 code [0x00000263639f2320, 0x00000263639f2440]
Event: 9.939 Thread 0x00000263602fb1b0 2344       3       java.util.ArrayDeque::contains (80 bytes)
Event: 9.940 Thread 0x00000263602fb1b0 nmethod 2344 0x00000263639f2510 code [0x00000263639f2700, 0x00000263639f2b70]
Event: 9.964 Thread 0x00000263602f0020 2347       4       jdk.internal.org.objectweb.asm.Frame::execute (2305 bytes)
Event: 9.973 Thread 0x00000263602fb1b0 2348       3       jdk.internal.org.objectweb.asm.MethodWriter::visitLdcInsn (215 bytes)
Event: 9.976 Thread 0x00000263602fb1b0 nmethod 2348 0x00000263639f2d10 code [0x00000263639f2fa0, 0x00000263639f3a28]
Event: 9.991 Thread 0x00000263602fb1b0 2351       3       org.eclipse.osgi.internal.weaving.WeavingHookConfigurator::recordClassDefine (65 bytes)
Event: 9.992 Thread 0x00000263602fb1b0 nmethod 2351 0x00000263639f3e90 code [0x00000263639f40a0, 0x00000263639f4798]
Event: 9.992 Thread 0x00000263602fb1b0 2352       3       org.eclipse.osgi.internal.weaving.WovenClassImpl::setWeavingCompleted (53 bytes)
Event: 9.993 Thread 0x00000263602fb1b0 nmethod 2352 0x00000263639f4990 code [0x00000263639f4b60, 0x00000263639f4de0]
Event: 10.006 Thread 0x00000263602fb1b0 2353   !   3       org.eclipse.osgi.internal.weaving.WovenClassImpl::callHooks (410 bytes)

GC Heap History (6 events):
Event: 3.897 GC heap before
{Heap before GC invocations=1 (full 0):
 PSYoungGen      total 29696K, used 25600K [0x00000000d5580000, 0x00000000d7680000, 0x0000000100000000)
  eden space 25600K, 100% used [0x00000000d5580000,0x00000000d6e80000,0x00000000d6e80000)
  from space 4096K, 0% used [0x00000000d7280000,0x00000000d7280000,0x00000000d7680000)
  to   space 4096K, 0% used [0x00000000d6e80000,0x00000000d6e80000,0x00000000d7280000)
 ParOldGen       total 68608K, used 0K [0x0000000080000000, 0x0000000084300000, 0x00000000d5580000)
  object space 68608K, 0% used [0x0000000080000000,0x0000000080000000,0x0000000084300000)
 Metaspace       used 4339K, committed 4608K, reserved 1114112K
  class space    used 472K, committed 576K, reserved 1048576K
}
Event: 3.919 GC heap after
{Heap after GC invocations=1 (full 0):
 PSYoungGen      total 29696K, used 3280K [0x00000000d5580000, 0x00000000d7680000, 0x0000000100000000)
  eden space 25600K, 0% used [0x00000000d5580000,0x00000000d5580000,0x00000000d6e80000)
  from space 4096K, 80% used [0x00000000d6e80000,0x00000000d71b4148,0x00000000d7280000)
  to   space 4096K, 0% used [0x00000000d7280000,0x00000000d7280000,0x00000000d7680000)
 ParOldGen       total 68608K, used 8K [0x0000000080000000, 0x0000000084300000, 0x00000000d5580000)
  object space 68608K, 0% used [0x0000000080000000,0x0000000080002000,0x0000000084300000)
 Metaspace       used 4339K, committed 4608K, reserved 1114112K
  class space    used 472K, committed 576K, reserved 1048576K
}
Event: 5.649 GC heap before
{Heap before GC invocations=2 (full 0):
 PSYoungGen      total 29696K, used 28880K [0x00000000d5580000, 0x00000000d7680000, 0x0000000100000000)
  eden space 25600K, 100% used [0x00000000d5580000,0x00000000d6e80000,0x00000000d6e80000)
  from space 4096K, 80% used [0x00000000d6e80000,0x00000000d71b4148,0x00000000d7280000)
  to   space 4096K, 0% used [0x00000000d7280000,0x00000000d7280000,0x00000000d7680000)
 ParOldGen       total 68608K, used 8K [0x0000000080000000, 0x0000000084300000, 0x00000000d5580000)
  object space 68608K, 0% used [0x0000000080000000,0x0000000080002000,0x0000000084300000)
 Metaspace       used 8287K, committed 8576K, reserved 1114112K
  class space    used 881K, committed 1024K, reserved 1048576K
}
Event: 5.662 GC heap after
{Heap after GC invocations=2 (full 0):
 PSYoungGen      total 29696K, used 4087K [0x00000000d5580000, 0x00000000d7680000, 0x0000000100000000)
  eden space 25600K, 0% used [0x00000000d5580000,0x00000000d5580000,0x00000000d6e80000)
  from space 4096K, 99% used [0x00000000d7280000,0x00000000d767de88,0x00000000d7680000)
  to   space 4096K, 0% used [0x00000000d6e80000,0x00000000d6e80000,0x00000000d7280000)
 ParOldGen       total 68608K, used 942K [0x0000000080000000, 0x0000000084300000, 0x00000000d5580000)
  object space 68608K, 1% used [0x0000000080000000,0x00000000800eb820,0x0000000084300000)
 Metaspace       used 8287K, committed 8576K, reserved 1114112K
  class space    used 881K, committed 1024K, reserved 1048576K
}
Event: 9.497 GC heap before
{Heap before GC invocations=3 (full 0):
 PSYoungGen      total 29696K, used 29681K [0x00000000d5580000, 0x00000000d7680000, 0x0000000100000000)
  eden space 25600K, 99% used [0x00000000d5580000,0x00000000d6e7e648,0x00000000d6e80000)
  from space 4096K, 99% used [0x00000000d7280000,0x00000000d767de88,0x00000000d7680000)
  to   space 4096K, 0% used [0x00000000d6e80000,0x00000000d6e80000,0x00000000d7280000)
 ParOldGen       total 68608K, used 942K [0x0000000080000000, 0x0000000084300000, 0x00000000d5580000)
  object space 68608K, 1% used [0x0000000080000000,0x00000000800eb820,0x0000000084300000)
 Metaspace       used 13070K, committed 13696K, reserved 1114112K
  class space    used 1384K, committed 1664K, reserved 1048576K
}
Event: 9.513 GC heap after
{Heap after GC invocations=3 (full 0):
 PSYoungGen      total 29696K, used 4080K [0x00000000d5580000, 0x00000000d7680000, 0x0000000100000000)
  eden space 25600K, 0% used [0x00000000d5580000,0x00000000d5580000,0x00000000d6e80000)
  from space 4096K, 99% used [0x00000000d6e80000,0x00000000d727c1f8,0x00000000d7280000)
  to   space 4096K, 0% used [0x00000000d7280000,0x00000000d7280000,0x00000000d7680000)
 ParOldGen       total 68608K, used 2821K [0x0000000080000000, 0x0000000084300000, 0x00000000d5580000)
  object space 68608K, 4% used [0x0000000080000000,0x00000000802c1438,0x0000000084300000)
 Metaspace       used 13070K, committed 13696K, reserved 1114112K
  class space    used 1384K, committed 1664K, reserved 1048576K
}

Dll operation events (9 events):
Event: 0.032 Loaded shared library c:\Users\dangt\.vscode\extensions\redhat.java-1.49.0-win32-x64\jre\21.0.9-win32-x86_64\bin\java.dll
Event: 0.640 Loaded shared library c:\Users\dangt\.vscode\extensions\redhat.java-1.49.0-win32-x64\jre\21.0.9-win32-x86_64\bin\zip.dll
Event: 0.934 Loaded shared library C:\Users\dangt\.vscode\extensions\redhat.java-1.49.0-win32-x64\jre\21.0.9-win32-x86_64\bin\instrument.dll
Event: 1.146 Loaded shared library C:\Users\dangt\.vscode\extensions\redhat.java-1.49.0-win32-x64\jre\21.0.9-win32-x86_64\bin\net.dll
Event: 1.261 Loaded shared library C:\Users\dangt\.vscode\extensions\redhat.java-1.49.0-win32-x64\jre\21.0.9-win32-x86_64\bin\nio.dll
Event: 1.279 Loaded shared library C:\Users\dangt\.vscode\extensions\redhat.java-1.49.0-win32-x64\jre\21.0.9-win32-x86_64\bin\zip.dll
Event: 1.643 Loaded shared library C:\Users\dangt\.vscode\extensions\redhat.java-1.49.0-win32-x64\jre\21.0.9-win32-x86_64\bin\jimage.dll
Event: 2.319 Loaded shared library c:\Users\dangt\.vscode\extensions\redhat.java-1.49.0-win32-x64\jre\21.0.9-win32-x86_64\bin\verify.dll
Event: 5.531 Loaded shared library C:\Users\dangt\AppData\Roaming\Code\User\globalStorage\redhat.java\1.49.0\config_ss_win\org.eclipse.equinox.launcher\org.eclipse.equinox.launcher.win32.win32.x86_64_1.2.1400.v20250801-0854\eclipse_11916.dll

Deoptimization events (20 events):
Event: 8.971 Thread 0x000002637d4410c0 Uncommon trap: trap_request=0xffffffde fr.pc=0x000002636b1151cc relative=0x000000000000012c
Event: 8.971 Thread 0x000002637d4410c0 Uncommon trap: reason=class_check action=maybe_recompile pc=0x000002636b1151cc method=jdk.internal.misc.Unsafe.allocateUninitializedArray(Ljava/lang/Class;I)Ljava/lang/Object; @ 51 c2
Event: 8.971 Thread 0x000002637d4410c0 DEOPT PACKING pc=0x000002636b1151cc sp=0x000000b857ef82c0
Event: 8.971 Thread 0x000002637d4410c0 DEOPT UNPACKING pc=0x000002636aaf6da2 sp=0x000000b857ef8238 mode 2
Event: 9.002 Thread 0x000002637d4410c0 Uncommon trap: trap_request=0xffffffde fr.pc=0x000002636b1151cc relative=0x000000000000012c
Event: 9.002 Thread 0x000002637d4410c0 Uncommon trap: reason=class_check action=maybe_recompile pc=0x000002636b1151cc method=jdk.internal.misc.Unsafe.allocateUninitializedArray(Ljava/lang/Class;I)Ljava/lang/Object; @ 51 c2
Event: 9.002 Thread 0x000002637d4410c0 DEOPT PACKING pc=0x000002636b1151cc sp=0x000000b857ef8e80
Event: 9.004 Thread 0x000002637d4410c0 DEOPT UNPACKING pc=0x000002636aaf6da2 sp=0x000000b857ef8df8 mode 2
Event: 9.009 Thread 0x000002637d4410c0 Uncommon trap: trap_request=0xffffffde fr.pc=0x000002636b1151cc relative=0x000000000000012c
Event: 9.009 Thread 0x000002637d4410c0 Uncommon trap: reason=class_check action=maybe_recompile pc=0x000002636b1151cc method=jdk.internal.misc.Unsafe.allocateUninitializedArray(Ljava/lang/Class;I)Ljava/lang/Object; @ 51 c2
Event: 9.009 Thread 0x000002637d4410c0 DEOPT PACKING pc=0x000002636b1151cc sp=0x000000b857ef9100
Event: 9.010 Thread 0x000002637d4410c0 DEOPT UNPACKING pc=0x000002636aaf6da2 sp=0x000000b857ef9078 mode 2
Event: 9.132 Thread 0x000002637d4410c0 Uncommon trap: trap_request=0xffffff45 fr.pc=0x000002636b09a0a0 relative=0x0000000000000ea0
Event: 9.132 Thread 0x000002637d4410c0 Uncommon trap: reason=unstable_if action=reinterpret pc=0x000002636b09a0a0 method=lombok.patcher.PatchScript.classMatches(Ljava/lang/String;Ljava/util/Collection;)Z @ 25 c2
Event: 9.132 Thread 0x000002637d4410c0 DEOPT PACKING pc=0x000002636b09a0a0 sp=0x000000b857ef6c90
Event: 9.132 Thread 0x000002637d4410c0 DEOPT UNPACKING pc=0x000002636aaf6da2 sp=0x000000b857ef6c50 mode 2
Event: 9.749 Thread 0x000002637d4410c0 Uncommon trap: trap_request=0xffffff45 fr.pc=0x000002636b07a4f4 relative=0x0000000000000054
Event: 9.749 Thread 0x000002637d4410c0 Uncommon trap: reason=unstable_if action=reinterpret pc=0x000002636b07a4f4 method=java.lang.CharacterData.of(I)Ljava/lang/CharacterData; @ 4 c2
Event: 9.749 Thread 0x000002637d4410c0 DEOPT PACKING pc=0x000002636b07a4f4 sp=0x000000b857ef8cf0
Event: 9.749 Thread 0x000002637d4410c0 DEOPT UNPACKING pc=0x000002636aaf6da2 sp=0x000000b857ef8c88 mode 2

Classes loaded (20 events):
Event: 9.763 Loading class java/text/FieldPosition$Delegate
Event: 9.763 Loading class java/text/FieldPosition$Delegate done
Event: 9.764 Loading class java/text/MessageFormat$Field
Event: 9.764 Loading class java/text/MessageFormat$Field done
Event: 9.824 Loading class java/util/stream/SortedOps
Event: 9.825 Loading class java/util/stream/SortedOps done
Event: 9.825 Loading class java/util/stream/SortedOps$OfRef
Event: 9.825 Loading class java/util/stream/ReferencePipeline$StatefulOp
Event: 9.826 Loading class java/util/stream/ReferencePipeline$StatefulOp done
Event: 9.826 Loading class java/util/stream/SortedOps$OfRef done
Event: 9.826 Loading class java/util/stream/SortedOps$RefSortingSink
Event: 9.827 Loading class java/util/stream/SortedOps$AbstractRefSortingSink
Event: 9.827 Loading class java/util/stream/SortedOps$AbstractRefSortingSink done
Event: 9.827 Loading class java/util/stream/SortedOps$RefSortingSink done
Event: 9.902 Loading class java/util/zip/ZipOutputStream
Event: 9.906 Loading class java/util/zip/DeflaterOutputStream
Event: 9.910 Loading class java/util/zip/DeflaterOutputStream done
Event: 9.910 Loading class java/util/zip/ZipOutputStream done
Event: 9.910 Loading class java/util/concurrent/ExecutionException
Event: 9.911 Loading class java/util/concurrent/ExecutionException done

Classes unloaded (0 events):
No events

Classes redefined (0 events):
No events

Internal exceptions (20 events):
Event: 5.013 Thread 0x000002636036d000 Exception <a 'java/lang/IncompatibleClassChangeError'{0x00000000d63c6e48}: Found class java.lang.Object, but interface was expected> (0x00000000d63c6e48) 
thrown [s\src\hotspot\share\interpreter\linkResolver.cpp, line 840]
Event: 5.014 Thread 0x000002636036d000 Exception <a 'java/lang/NoSuchMethodError'{0x00000000d63cd418}: 'void java.lang.invoke.DirectMethodHandle$Holder.invokeStaticInit(java.lang.Object, java.lang.Object)'> (0x00000000d63cd418) 
thrown [s\src\hotspot\share\interpreter\linkResolver.cpp, line 773]
Event: 5.016 Thread 0x000002636036d000 Exception <a 'java/lang/NoSuchMethodError'{0x00000000d63d6630}: 'int java.lang.invoke.DirectMethodHandle$Holder.invokeStaticInit(java.lang.Object, java.lang.Object)'> (0x00000000d63d6630) 
thrown [s\src\hotspot\share\interpreter\linkResolver.cpp, line 773]
Event: 5.120 Thread 0x000002636036d000 Exception <a 'java/lang/NoSuchMethodError'{0x00000000d66205c8}: 'java.lang.Object java.lang.invoke.DirectMethodHandle$Holder.newInvokeSpecial(java.lang.Object, int, java.lang.Object)'> (0x00000000d66205c8) 
thrown [s\src\hotspot\share\interpreter\linkResolver.cpp, line 773]
Event: 5.239 Thread 0x000002636036d000 Exception <a 'java/lang/ClassNotFoundException'{0x00000000d683c990}: sun/net/www/protocol/plurl/Handler> (0x00000000d683c990) 
thrown [s\src\hotspot\share\classfile\systemDictionary.cpp, line 312]
Event: 5.239 Thread 0x000002636036d000 Exception <a 'java/lang/ClassNotFoundException'{0x00000000d683d810}: sun/net/www/protocol/plurl/Handler> (0x00000000d683d810) 
thrown [s\src\hotspot\share\classfile\systemDictionary.cpp, line 312]
Event: 5.516 Thread 0x000002636036d000 Exception <a 'java/lang/UnsatisfiedLinkError'{0x00000000d6c45470}: 'void org.eclipse.equinox.launcher.JNIBridge._update_splash()'> (0x00000000d6c45470) 
thrown [s\src\hotspot\share\prims\nativeLookup.cpp, line 415]
Event: 5.735 Thread 0x000002637d4410c0 Exception <a 'java/lang/NullPointerException'{0x00000000d571d940}> (0x00000000d571d940) 
thrown [s\src\hotspot\share\interpreter\linkResolver.cpp, line 1372]
Event: 5.735 Thread 0x000002637d4410c0 Exception <a 'java/lang/NullPointerException'{0x00000000d571dc20}> (0x00000000d571dc20) 
thrown [s\src\hotspot\share\interpreter\linkResolver.cpp, line 1372]
Event: 7.768 Thread 0x000002637d4410c0 Exception <a 'java/lang/NoSuchMethodError'{0x00000000d602a8c8}: 'long java.lang.invoke.DirectMethodHandle$Holder.invokeSpecial(java.lang.Object, java.lang.Object)'> (0x00000000d602a8c8) 
thrown [s\src\hotspot\share\interpreter\linkResolver.cpp, line 773]
Event: 7.933 Thread 0x000002637d4410c0 Exception <a 'java/io/FileNotFoundException'{0x00000000d62249a8}> (0x00000000d62249a8) 
thrown [s\src\hotspot\share\prims\jni.cpp, line 520]
Event: 8.249 Thread 0x000002637d4410c0 Exception <a 'java/lang/NoSuchMethodError'{0x00000000d650f950}: 'java.lang.Object java.lang.invoke.Invokers$Holder.linkToTargetMethod(java.lang.Object, long, java.lang.Object)'> (0x00000000d650f950) 
thrown [s\src\hotspot\share\interpreter\linkResolver.cpp, line 773]
Event: 8.574 Thread 0x000002637d4410c0 Exception <a 'java/lang/NoSuchMethodError'{0x00000000d68ae960}: 'void java.lang.invoke.DirectMethodHandle$Holder.invokeInterface(java.lang.Object, java.lang.Object, java.lang.Object)'> (0x00000000d68ae960) 
thrown [s\src\hotspot\share\interpreter\linkResolver.cpp, line 773]
Event: 8.731 Thread 0x000002637d4410c0 Exception <a 'java/lang/NoSuchMethodError'{0x00000000d6ac08e0}: 'void java.lang.invoke.Invokers$Holder.invokeExact_MT(java.lang.Object, java.lang.Object, java.lang.Object)'> (0x00000000d6ac08e0) 
thrown [s\src\hotspot\share\interpreter\linkResolver.cpp, line 773]
Event: 9.308 Thread 0x000002637d4410c0 Exception <a 'java/lang/NoSuchMethodError'{0x00000000d6d95ee8}: 'java.lang.Object java.lang.invoke.DirectMethodHandle$Holder.invokeVirtual(java.lang.Object, java.lang.Object, java.lang.Object)'> (0x00000000d6d95ee8) 
thrown [s\src\hotspot\share\interpreter\linkResolver.cpp, line 773]
Event: 9.319 Thread 0x000002637d4410c0 Exception <a 'java/lang/NoSuchMethodError'{0x00000000d6dae280}: 'java.lang.Object java.lang.invoke.DelegatingMethodHandle$Holder.reinvoke_L(java.lang.Object, java.lang.Object, java.lang.Object, java.lang.Object, int, int)'> (0x00000000d6dae280) 
thrown [s\src\hotspot\share\interpreter\linkResolver.cpp, line 773]
Event: 9.329 Thread 0x000002637d4410c0 Exception <a 'java/lang/NoSuchMethodError'{0x00000000d6dcb410}: 'java.lang.Object java.lang.invoke.DirectMethodHandle$Holder.newInvokeSpecial(java.lang.Object, java.lang.Object, java.lang.Object, java.lang.Object, java.lang.Object, java.lang.Object)'> (0x00000000d6dcb410) 
thrown [s\src\hotspot\share\interpreter\linkResolver.cpp, line 773]
Event: 9.371 Thread 0x000002637d4410c0 Exception <a 'java/lang/NoSuchMethodError'{0x00000000d6df7ab0}: 'void java.lang.invoke.Invokers$Holder.invokeExact_MT(java.lang.Object, java.lang.Object, java.lang.Object, java.lang.Object)'> (0x00000000d6df7ab0) 
thrown [s\src\hotspot\share\interpreter\linkResolver.cpp, line 773]
Event: 9.776 Thread 0x000002637d4410c0 Exception <a 'java/io/FileNotFoundException'{0x00000000d5993508}> (0x00000000d5993508) 
thrown [s\src\hotspot\share\prims\jni.cpp, line 520]
Event: 9.779 Thread 0x000002637d4410c0 Exception <a 'java/io/FileNotFoundException'{0x00000000d599aa70}> (0x00000000d599aa70) 
thrown [s\src\hotspot\share\prims\jni.cpp, line 520]

ZGC Phase Switch (0 events):
No events

VM Operations (20 events):
Event: 5.649 Executing VM operation: ParallelGCFailedAllocation (Allocation Failure)
Event: 5.662 Executing VM operation: ParallelGCFailedAllocation (Allocation Failure) done
Event: 6.662 Executing VM operation: Cleanup
Event: 6.665 Executing VM operation: Cleanup done
Event: 7.562 Executing VM operation: HandshakeAllThreads (Deoptimize)
Event: 7.563 Executing VM operation: HandshakeAllThreads (Deoptimize) done
Event: 8.439 Executing VM operation: HandshakeAllThreads (Deoptimize)
Event: 8.439 Executing VM operation: HandshakeAllThreads (Deoptimize) done
Event: 8.439 Executing VM operation: Cleanup
Event: 8.439 Executing VM operation: Cleanup done
Event: 9.441 Executing VM operation: Cleanup
Event: 9.441 Executing VM operation: Cleanup done
Event: 9.497 Executing VM operation: ParallelGCFailedAllocation (Allocation Failure)
Event: 9.514 Executing VM operation: ParallelGCFailedAllocation (Allocation Failure) done
Event: 9.690 Executing VM operation: HandshakeAllThreads (Deoptimize)
Event: 9.690 Executing VM operation: HandshakeAllThreads (Deoptimize) done
Event: 9.705 Executing VM operation: HandshakeAllThreads (Deoptimize)
Event: 9.706 Executing VM operation: HandshakeAllThreads (Deoptimize) done
Event: 9.752 Executing VM operation: HandshakeAllThreads (Deoptimize)
Event: 9.752 Executing VM operation: HandshakeAllThreads (Deoptimize) done

Memory protections (0 events):
No events

Nmethod flushes (0 events):
No events

Events (16 events):
Event: 0.077 Thread 0x000002636036d000 Thread added: 0x000002636036d000
Event: 0.157 Thread 0x000002636036d000 Thread added: 0x00000263602e83b0
Event: 0.157 Thread 0x000002636036d000 Thread added: 0x00000263602e96a0
Event: 0.158 Thread 0x000002636036d000 Thread added: 0x00000263602eb2a0
Event: 0.158 Thread 0x000002636036d000 Thread added: 0x00000263602ede00
Event: 0.158 Thread 0x000002636036d000 Thread added: 0x00000263602ee850
Event: 0.158 Thread 0x000002636036d000 Thread added: 0x00000263602ef2a0
Event: 0.158 Thread 0x000002636036d000 Thread added: 0x00000263602f0020
Event: 0.159 Thread 0x000002636036d000 Thread added: 0x00000263602fb1b0
Event: 1.113 Thread 0x000002636036d000 Thread added: 0x000002637873b5c0
Event: 2.678 Thread 0x000002636036d000 Thread added: 0x000002637895cfb0
Event: 5.050 Thread 0x000002636036d000 Thread added: 0x000002637d195410
Event: 5.503 Thread 0x000002636036d000 Thread added: 0x000002637d3f9ad0
Event: 5.513 Thread 0x000002636036d000 Thread added: 0x000002637d4410c0
Event: 7.024 Thread 0x000002637d4410c0 Thread added: 0x000002637d5bf420
Event: 8.604 Thread 0x000002637d4410c0 Thread added: 0x0000026378769640


Dynamic libraries:
0x00007ff706b50000 - 0x00007ff706b5e000 	c:\Users\dangt\.vscode\extensions\redhat.java-1.49.0-win32-x64\jre\21.0.9-win32-x86_64\bin\java.exe
0x00007ff80b080000 - 0x00007ff80b2e8000 	C:\WINDOWS\SYSTEM32\ntdll.dll
0x00007ff809990000 - 0x00007ff809a59000 	C:\WINDOWS\System32\KERNEL32.DLL
0x00007ff8086c0000 - 0x00007ff808ab8000 	C:\WINDOWS\System32\KERNELBASE.dll
0x00007ff808400000 - 0x00007ff80854b000 	C:\WINDOWS\System32\ucrtbase.dll
0x00007ffff2bb0000 - 0x00007ffff2bce000 	c:\Users\dangt\.vscode\extensions\redhat.java-1.49.0-win32-x64\jre\21.0.9-win32-x86_64\bin\VCRUNTIME140.dll
0x00007ffff2b90000 - 0x00007ffff2ba8000 	c:\Users\dangt\.vscode\extensions\redhat.java-1.49.0-win32-x64\jre\21.0.9-win32-x86_64\bin\jli.dll
0x00007ff809a60000 - 0x00007ff809c27000 	C:\WINDOWS\System32\USER32.dll
0x00007fffec5f0000 - 0x00007fffec884000 	C:\WINDOWS\WinSxS\amd64_microsoft.windows.common-controls_6595b64144ccf1df_6.0.26100.7019_none_3e06ffa0e335b8a8\COMCTL32.dll
0x00007ff8081a0000 - 0x00007ff8081c7000 	C:\WINDOWS\System32\win32u.dll
0x00007ff808fd0000 - 0x00007ff809079000 	C:\WINDOWS\System32\msvcrt.dll
0x00007ff809620000 - 0x00007ff80964b000 	C:\WINDOWS\System32\GDI32.dll
0x00007ff808b50000 - 0x00007ff808c7c000 	C:\WINDOWS\System32\gdi32full.dll
0x00007ff808350000 - 0x00007ff8083f3000 	C:\WINDOWS\System32\msvcp_win.dll
0x00007ff8095e0000 - 0x00007ff809611000 	C:\WINDOWS\System32\IMM32.DLL
0x00007ffff5970000 - 0x00007ffff597c000 	c:\Users\dangt\.vscode\extensions\redhat.java-1.49.0-win32-x64\jre\21.0.9-win32-x86_64\bin\vcruntime140_1.dll
0x00007fffc35f0000 - 0x00007fffc367d000 	c:\Users\dangt\.vscode\extensions\redhat.java-1.49.0-win32-x64\jre\21.0.9-win32-x86_64\bin\msvcp140.dll
0x00007fff69e10000 - 0x00007fff6abb0000 	c:\Users\dangt\.vscode\extensions\redhat.java-1.49.0-win32-x64\jre\21.0.9-win32-x86_64\bin\server\jvm.dll
0x00007ff809c80000 - 0x00007ff809d34000 	C:\WINDOWS\System32\ADVAPI32.dll
0x00007ff80a250000 - 0x00007ff80a2f6000 	C:\WINDOWS\System32\sechost.dll
0x00007ff80a650000 - 0x00007ff80a768000 	C:\WINDOWS\System32\RPCRT4.dll
0x00007ff809d40000 - 0x00007ff809db4000 	C:\WINDOWS\System32\WS2_32.dll
0x00007ff804b00000 - 0x00007ff804b35000 	C:\WINDOWS\SYSTEM32\WINMM.dll
0x00007ff808000000 - 0x00007ff80805e000 	C:\WINDOWS\SYSTEM32\POWRPROF.dll
0x00007ffff4690000 - 0x00007ffff469b000 	C:\WINDOWS\SYSTEM32\VERSION.dll
0x00007ff807fe0000 - 0x00007ff807ff4000 	C:\WINDOWS\SYSTEM32\UMPDC.dll
0x00007ff806f60000 - 0x00007ff806f7b000 	C:\WINDOWS\SYSTEM32\kernel.appcore.dll
0x00007ffff5090000 - 0x00007ffff509a000 	c:\Users\dangt\.vscode\extensions\redhat.java-1.49.0-win32-x64\jre\21.0.9-win32-x86_64\bin\jimage.dll
0x00007ff805810000 - 0x00007ff805a52000 	C:\WINDOWS\SYSTEM32\DBGHELP.DLL
0x00007ff8091e0000 - 0x00007ff80956b000 	C:\WINDOWS\System32\combase.dll
0x00007ff809680000 - 0x00007ff809757000 	C:\WINDOWS\System32\OLEAUT32.dll
0x00007ff804a80000 - 0x00007ff804abc000 	C:\WINDOWS\SYSTEM32\dbgcore.DLL
0x00007ff808610000 - 0x00007ff8086b5000 	C:\WINDOWS\System32\bcryptPrimitives.dll
0x00007ffff2b60000 - 0x00007ffff2b6f000 	c:\Users\dangt\.vscode\extensions\redhat.java-1.49.0-win32-x64\jre\21.0.9-win32-x86_64\bin\instrument.dll
0x00007ffff0da0000 - 0x00007ffff0dc0000 	c:\Users\dangt\.vscode\extensions\redhat.java-1.49.0-win32-x64\jre\21.0.9-win32-x86_64\bin\java.dll
0x00007ff80a770000 - 0x00007ff80aebf000 	C:\WINDOWS\System32\SHELL32.dll
0x00007ff808c80000 - 0x00007ff808deb000 	C:\WINDOWS\System32\wintypes.dll
0x00007ff805d90000 - 0x00007ff8065ed000 	C:\WINDOWS\SYSTEM32\windows.storage.dll
0x00007ff808df0000 - 0x00007ff808ee2000 	C:\WINDOWS\System32\SHCORE.dll
0x00007ff809570000 - 0x00007ff8095d7000 	C:\WINDOWS\System32\shlwapi.dll
0x00007ff8080c0000 - 0x00007ff8080e9000 	C:\WINDOWS\SYSTEM32\profapi.dll
0x00007ffff0d80000 - 0x00007ffff0d98000 	c:\Users\dangt\.vscode\extensions\redhat.java-1.49.0-win32-x64\jre\21.0.9-win32-x86_64\bin\zip.dll
0x00007ffff15c0000 - 0x00007ffff15d0000 	C:\Users\dangt\.vscode\extensions\redhat.java-1.49.0-win32-x64\jre\21.0.9-win32-x86_64\bin\net.dll
0x00007ffff6d50000 - 0x00007ffff6e78000 	C:\WINDOWS\SYSTEM32\WINHTTP.dll
0x00007ff8074d0000 - 0x00007ff80753b000 	C:\WINDOWS\system32\mswsock.dll
0x00007fffedb50000 - 0x00007fffedb66000 	C:\Users\dangt\.vscode\extensions\redhat.java-1.49.0-win32-x64\jre\21.0.9-win32-x86_64\bin\nio.dll
0x00007ffff0e30000 - 0x00007ffff0e40000 	c:\Users\dangt\.vscode\extensions\redhat.java-1.49.0-win32-x64\jre\21.0.9-win32-x86_64\bin\verify.dll
0x00007fffcb310000 - 0x00007fffcb354000 	C:\Users\dangt\AppData\Roaming\Code\User\globalStorage\redhat.java\1.49.0\config_ss_win\org.eclipse.equinox.launcher\org.eclipse.equinox.launcher.win32.win32.x86_64_1.2.1400.v20250801-0854\eclipse_11916.dll
0x00007ff809770000 - 0x00007ff809907000 	C:\WINDOWS\System32\ole32.dll

JVMTI agents:
c:\Users\dangt\.vscode\extensions\redhat.java-1.49.0-win32-x64\lombok\lombok-1.18.39-4050.jar path:c:\Users\dangt\.vscode\extensions\redhat.java-1.49.0-win32-x64\jre\21.0.9-win32-x86_64\bin\instrument.dll, loaded, initialized, instrumentlib options:none

dbghelp: loaded successfully - version: 4.0.5 - missing functions: none
symbol engine: initialized successfully - sym options: 0x614 - pdb path: .;c:\Users\dangt\.vscode\extensions\redhat.java-1.49.0-win32-x64\jre\21.0.9-win32-x86_64\bin;C:\WINDOWS\SYSTEM32;C:\WINDOWS\WinSxS\amd64_microsoft.windows.common-controls_6595b64144ccf1df_6.0.26100.7019_none_3e06ffa0e335b8a8;c:\Users\dangt\.vscode\extensions\redhat.java-1.49.0-win32-x64\jre\21.0.9-win32-x86_64\bin\server;C:\Users\dangt\AppData\Roaming\Code\User\globalStorage\redhat.java\1.49.0\config_ss_win\org.eclipse.equinox.launcher\org.eclipse.equinox.launcher.win32.win32.x86_64_1.2.1400.v20250801-0854

VM Arguments:
jvm_args: --add-modules=ALL-SYSTEM --add-opens=java.base/java.util=ALL-UNNAMED --add-opens=java.base/java.lang=ALL-UNNAMED --add-opens=java.base/sun.nio.fs=ALL-UNNAMED -Declipse.application=org.eclipse.jdt.ls.core.id1 -Dosgi.bundles.defaultStartLevel=4 -Declipse.product=org.eclipse.jdt.ls.core.product -Djava.import.generatesMetadataFilesAtProjectRoot=false -DDetectVMInstallationsJob.disabled=true -Dfile.encoding=utf8 -XX:+UseParallelGC -XX:GCTimeRatio=4 -XX:AdaptiveSizePolicyWeight=90 -Dsun.zip.disableMemoryMapping=true -Xmx2G -Xms100m -Xlog:disable -javaagent:c:\Users\dangt\.vscode\extensions\redhat.java-1.49.0-win32-x64\lombok\lombok-1.18.39-4050.jar 
java_command: c:\Users\dangt\.vscode\extensions\redhat.java-1.49.0-win32-x64\server\plugins\org.eclipse.equinox.launcher_1.7.100.v20251111-0406.jar -configuration c:\Users\dangt\AppData\Roaming\Code\User\globalStorage\redhat.java\1.49.0\config_ss_win -data c:\Users\dangt\AppData\Roaming\Code\User\workspaceStorage\8ea19c0efffb335ee80ae312c2ed707d\redhat.java\ss_ws --pipe=\\.\pipe\lsp-55e8112f3bf2b7f55c14cc74743c1183-sock
java_class_path (initial): c:\Users\dangt\.vscode\extensions\redhat.java-1.49.0-win32-x64\server\plugins\org.eclipse.equinox.launcher_1.7.100.v20251111-0406.jar
Launcher Type: SUN_STANDARD

[Global flags]
    uintx AdaptiveSizePolicyWeight                 = 90                                        {product} {command line}
     intx CICompilerCount                          = 4                                         {product} {ergonomic}
    uintx GCTimeRatio                              = 4                                         {product} {command line}
   size_t InitialHeapSize                          = 104857600                                 {product} {command line}
   size_t MaxHeapSize                              = 2147483648                                {product} {command line}
   size_t MaxNewSize                               = 715653120                                 {product} {ergonomic}
   size_t MinHeapDeltaBytes                        = 524288                                    {product} {ergonomic}
   size_t MinHeapSize                              = 104857600                                 {product} {command line}
   size_t NewSize                                  = 34603008                                  {product} {ergonomic}
    uintx NonNMethodCodeHeapSize                   = 5839372                                {pd product} {ergonomic}
    uintx NonProfiledCodeHeapSize                  = 122909434                              {pd product} {ergonomic}
   size_t OldSize                                  = 70254592                                  {product} {ergonomic}
     bool PerfDisableSharedMem                     = true                                      {product} {ergonomic}
    uintx ProfiledCodeHeapSize                     = 122909434                              {pd product} {ergonomic}
    uintx ReservedCodeCacheSize                    = 251658240                              {pd product} {ergonomic}
     bool SegmentedCodeCache                       = true                                      {product} {ergonomic}
   size_t SoftMaxHeapSize                          = 2147483648                             {manageable} {ergonomic}
     bool UseCompressedOops                        = true                           {product lp64_product} {ergonomic}
     bool UseLargePagesIndividualAllocation        = false                                  {pd product} {ergonomic}
     bool UseParallelGC                            = true                                      {product} {command line}

Logging:
Log output configuration:
 #0: stdout all=off uptime,level,tags foldmultilines=false
 #1: stderr all=off uptime,level,tags foldmultilines=false

Release file:
JAVA_VERSION="21.0.9" 
MODULES="java.base java.compiler java.datatransfer java.xml java.prefs java.desktop java.instrument java.logging java.management java.security.sasl java.naming java.rmi java.management.rmi java.net.http java.scripting java.security.jgss java.transaction.xa java.sql java.sql.rowset java.xml.crypto java.se java.smartcardio jdk.accessibility jdk.internal.jvmstat jdk.attach jdk.charsets jdk.internal.opt jdk.zipfs jdk.compiler jdk.crypto.ec jdk.crypto.cryptoki jdk.crypto.mscapi jdk.dynalink jdk.internal.ed jdk.editpad jdk.hotspot.agent jdk.httpserver jdk.internal.le jdk.internal.vm.ci jdk.internal.vm.compiler jdk.internal.vm.compiler.management jdk.jartool jdk.javadoc jdk.jcmd jdk.management jdk.management.agent jdk.jconsole jdk.jdeps jdk.jdwp.agent jdk.jdi jdk.jfr jdk.jshell jdk.jsobject jdk.jstatd jdk.localedata jdk.management.jfr jdk.naming.dns jdk.naming.rmi jdk.net jdk.nio.mapmode jdk.random jdk.sctp jdk.security.auth jdk.security.jgss jdk.unsupported jdk.unsupported.desktop jdk.xml.dom" 

Environment Variables:
JAVA_HOME=C:\Program Files\Microsoft\jdk-17.0.16.8-hotspot
PATH=C:\Program Files\Microsoft\jdk-17.0.16.8-hotspot\bin;C:\WINDOWS\system32;C:\WINDOWS;C:\WINDOWS\System32\Wbem;C:\WINDOWS\System32\WindowsPowerShell\v1.0\;C:\WINDOWS\System32\OpenSSH\;C:\Program Files\dotnet\;C:\ProgramData\chocolatey\bin;C:\Program Files\playit_gg\bin\;C:\Program Files (x86)\Java\jre1.8.0_461\bin;C:\Program Files (x86)\Microsoft SQL Server\160\Tools\Binn\;C:\Program Files\Microsoft SQL Server\160\Tools\Binn\;C:\Program Files\Microsoft SQL Server\Client SDK\ODBC\170\Tools\Binn\;C:\Program Files\Microsoft SQL Server\160\DTS\Binn\;C:\Program Files\nodejs\;C:\Program Files\Docker\Docker\resources\bin;C:\Program Files\Git\cmd;C:\Users\dangt\AppData\Local\Programs\Python\Python313\Scripts\;C:\Users\dangt\AppData\Local\Programs\Python\Python313\;C:\Users\dangt\AppData\Local\Programs\Python\Launcher\;C:\Program Files\Microsoft\jdk-17.0.16.8-hotspot\bin;C:\Users\dangt\AppData\Local\Microsoft\WindowsApps;C:\Users\dangt\AppData\Local\Programs\Microsoft VS Code\bin;C:\msys64\mingw64\bin;C:\Users\dangt\.dotnet\tools;C:\Maven\apache-maven-3.9.9\bin;C:\tools\TinyTeX\bin\windows;D:\Node;C:\Users\dangt\AppData\Roaming\npm;
USERNAME=Ð?ng Vuong
OS=Windows_NT
PROCESSOR_IDENTIFIER=Intel64 Family 6 Model 140 Stepping 1, GenuineIntel
TMP=C:\Users\dangt\AppData\Local\Temp
TEMP=C:\Users\dangt\AppData\Local\Temp




Periodic native trim disabled

---------------  S Y S T E M  ---------------

OS:
 Windows 11 , 64 bit Build 26100 (10.0.26100.7019)
OS uptime: 4 days 2:34 hours
Hyper-V role detected

CPU: total 8 (initial active 8) (4 cores per cpu, 2 threads per core) family 6 model 140 stepping 1 microcode 0xb4, cx8, cmov, fxsr, ht, mmx, 3dnowpref, sse, sse2, sse3, ssse3, sse4.1, sse4.2, popcnt, lzcnt, tsc, tscinvbit, avx, avx2, aes, erms, clmul, bmi1, bmi2, adx, avx512f, avx512dq, avx512cd, avx512bw, avx512vl, sha, fma, vzeroupper, avx512_vpopcntdq, avx512_vpclmulqdq, avx512_vaes, avx512_vnni, clflush, clflushopt, clwb, avx512_vbmi2, avx512_vbmi, hv, rdtscp, rdpid, fsrm, gfni, avx512_bitalg, f16c, cet_ibt, cet_ss, avx512_ifma
Processor Information for the first 8 processors :
  Max Mhz: 2611, Current Mhz: 2611, Mhz Limit: 2611

Memory: 4k page, system-wide physical 7930M (40M free)
TotalPageFile size 27506M (AvailPageFile size 1M)
current process WorkingSet (physical memory assigned to process): 105M, peak: 105M
current process commit charge ("private bytes"): 252M, peak: 252M

vm_info: OpenJDK 64-Bit Server VM (21.0.9+10-LTS) for windows-amd64 JRE (21.0.9+10-LTS), built on 2025-10-21T00:00:00Z by "admin" with unknown MS VC++:1942

END.
